[debug] [2026-05-20T13:21:38.804Z] [Firebase Plugin] Activating Firebase extension.
[info] [Firebase Plugin] Checked firebase-tools, is up to date!
[debug] [2026-05-20T13:21:39.811Z] [Firebase Plugin] requireAuthWrapper
[debug] [2026-05-20T13:21:39.825Z] > command requires scopes: ["email","openid","https://www.googleapis.com/auth/cloudplatformprojects.readonly","https://www.googleapis.com/auth/firebase","https://www.googleapis.com/auth/cloud-platform"]
[debug] [2026-05-20T13:21:39.826Z] > authorizing via signed-in user (mtlprogramming@gmail.com)
[debug] [2026-05-20T13:21:39.830Z] Checked if tokens are valid: true, expires at: 1779286448006
[debug] [2026-05-20T13:21:39.831Z] Checked if tokens are valid: true, expires at: 1779286448006
[debug] [2026-05-20T13:21:39.831Z] [Firebase Plugin] User found:  mtlprogramming@gmail.com
[info] [Firebase Plugin] (Core:Project) New user detected, fetching projects
[debug] [2026-05-20T13:21:39.833Z] Checked if tokens are valid: true, expires at: 1779286448006
[debug] [2026-05-20T13:21:39.835Z] >>> [apiv2][query] GET https://firebase.googleapis.com/v1beta1/projects pageSize=1000
[debug] [2026-05-20T13:21:39.848Z] [Firebase Plugin] VSCode notification server listening on port 40001
[info] [Firebase Plugin] Starting SQL Connect toolkit (version 3.4.5) on port 50001
[debug] [2026-05-20T13:21:40.155Z] 'fdc build' failed with error: Unable to build your SQL Connect schema and connectors (exit code 1): E0520 09:21:40.155650  317592 cmd.go:43] Error loading data connect config: could not find dataconnect.yaml in `c:\Users\cosma\KaraImmo\dataconnect`
 {"metadata":{"emulator":{"name":"dataconnect"},"message":"'fdc build' failed with error: Unable to build your SQL Connect schema and connectors (exit code 1): E0520 09:21:40.155650  317592 cmd.go:43] Error loading data connect config: could not find dataconnect.yaml in `c:\\Users\\cosma\\KaraImmo\\dataconnect`\n"}}
[debug] [2026-05-20T13:21:40.155Z] Ignoring unsupported arg: auto_download {"metadata":{"emulator":{"name":"dataconnect"},"message":"Ignoring unsupported arg: auto_download"}}
[debug] [2026-05-20T13:21:40.155Z] Ignoring unsupported arg: port {"metadata":{"emulator":{"name":"dataconnect"},"message":"Ignoring unsupported arg: port"}}
[debug] [2026-05-20T13:21:40.155Z] Starting SQL Connect Emulator with command {"binary":"C:\\Users\\cosma\\.cache\\firebase\\emulators\\dataconnect-emulator-3.4.5.exe","args":["--logtostderr","-v=2","dev","--listen=localhost:50001","--config_dir=c:\\Users\\cosma\\KaraImmo\\dataconnect","--enable_output_schema_extensions=true","--enable_output_generated_sdk=true"],"optionalArgs":["listen","config_dir","enable_output_schema_extensions","enable_output_generated_sdk"],"joinArgs":true,"shell":false,"port":9399} {"metadata":{"emulator":{"name":"dataconnect"},"message":"Starting SQL Connect Emulator with command {\"binary\":\"C:\\\\Users\\\\cosma\\\\.cache\\\\firebase\\\\emulators\\\\dataconnect-emulator-3.4.5.exe\",\"args\":[\"--logtostderr\",\"-v=2\",\"dev\",\"--listen=localhost:50001\",\"--config_dir=c:\\\\Users\\\\cosma\\\\KaraImmo\\\\dataconnect\",\"--enable_output_schema_extensions=true\",\"--enable_output_generated_sdk=true\"],\"optionalArgs\":[\"listen\",\"config_dir\",\"enable_output_schema_extensions\",\"enable_output_generated_sdk\"],\"joinArgs\":true,\"shell\":false,\"port\":9399}"}}
[info] i  dataconnect: SQL Connect Emulator logging to dataconnect-debug.log {"metadata":{"emulator":{"name":"dataconnect"},"message":"SQL Connect Emulator logging to \u001b[1mdataconnect-debug.log\u001b[22m"}}
[debug] [2026-05-20T13:21:40.201Z] E0520 09:21:40.188722  308640 dev.go:83] Failed to load initial config from "c:\\Users\\cosma\\KaraImmo\\dataconnect": could not find dataconnect.yaml in `c:\Users\cosma\KaraImmo\dataconnect`
E0520 09:21:40.189238  308640 watch.go:116] watchAllDir unable to walk dir `c:\Users\cosma\KaraImmo\dataconnect`: GetFileAttributesEx c:\Users\cosma\KaraImmo\dataconnect: The system cannot find the file specified.
I0520 09:21:40.195384  308640 dev.go:104] Listening on address (HTTP + gRPC): 127.0.0.1:50001
 {"metadata":{"emulator":{"name":"dataconnect"},"message":"E0520 09:21:40.188722  308640 dev.go:83] Failed to load initial config from \"c:\\\\Users\\\\cosma\\\\KaraImmo\\\\dataconnect\": could not find dataconnect.yaml in `c:\\Users\\cosma\\KaraImmo\\dataconnect`\nE0520 09:21:40.189238  308640 watch.go:116] watchAllDir unable to walk dir `c:\\Users\\cosma\\KaraImmo\\dataconnect`: GetFileAttributesEx c:\\Users\\cosma\\KaraImmo\\dataconnect: The system cannot find the file specified.\nI0520 09:21:40.195384  308640 dev.go:104] Listening on address (HTTP + gRPC): 127.0.0.1:50001\n"}}
[error] [Firebase Plugin] error:  {}
[debug] [2026-05-20T13:21:40.477Z] <<< [apiv2][status] GET https://firebase.googleapis.com/v1beta1/projects 200
[debug] [2026-05-20T13:21:40.477Z] <<< [apiv2][body] GET https://firebase.googleapis.com/v1beta1/projects [omitted]
[debug] [2026-05-20T13:21:50.186Z] E0520 09:21:50.189533  308640 watch.go:40] Failed to load config from "c:\\Users\\cosma\\KaraImmo\\dataconnect": could not find dataconnect.yaml in `c:\Users\cosma\KaraImmo\dataconnect`
 {"metadata":{"emulator":{"name":"dataconnect"},"message":"E0520 09:21:50.189533  308640 watch.go:40] Failed to load config from \"c:\\\\Users\\\\cosma\\\\KaraImmo\\\\dataconnect\": could not find dataconnect.yaml in `c:\\Users\\cosma\\KaraImmo\\dataconnect`\n"}}
[debug] [2026-05-20T13:22:00.186Z] E0520 09:22:00.189498  308640 watch.go:40] Failed to load config from "c:\\Users\\cosma\\KaraImmo\\dataconnect": could not find dataconnect.yaml in `c:\Users\cosma\KaraImmo\dataconnect`
 {"metadata":{"emulator":{"name":"dataconnect"},"message":"E0520 09:22:00.189498  308640 watch.go:40] Failed to load config from \"c:\\\\Users\\\\cosma\\\\KaraImmo\\\\dataconnect\": could not find dataconnect.yaml in `c:\\Users\\cosma\\KaraImmo\\dataconnect`\n"}}
[debug] [2026-05-20T13:22:10.186Z] E0520 09:22:10.189973  308640 watch.go:40] Failed to load config from "c:\\Users\\cosma\\KaraImmo\\dataconnect": could not find dataconnect.yaml in `c:\Users\cosma\KaraImmo\dataconnect`
 {"metadata":{"emulator":{"name":"dataconnect"},"message":"E0520 09:22:10.189973  308640 watch.go:40] Failed to load config from \"c:\\\\Users\\\\cosma\\\\KaraImmo\\\\dataconnect\": could not find dataconnect.yaml in `c:\\Users\\cosma\\KaraImmo\\dataconnect`\n"}}
[debug] [2026-05-20T13:22:20.187Z] E0520 09:22:20.190260  308640 watch.go:40] Failed to load config from "c:\\Users\\cosma\\KaraImmo\\dataconnect": could not find dataconnect.yaml in `c:\Users\cosma\KaraImmo\dataconnect`
 {"metadata":{"emulator":{"name":"dataconnect"},"message":"E0520 09:22:20.190260  308640 watch.go:40] Failed to load config from \"c:\\\\Users\\\\cosma\\\\KaraImmo\\\\dataconnect\": could not find dataconnect.yaml in `c:\\Users\\cosma\\KaraImmo\\dataconnect`\n"}}
[debug] [2026-05-20T13:22:30.186Z] E0520 09:22:30.190683  308640 watch.go:40] Failed to load config from "c:\\Users\\cosma\\KaraImmo\\dataconnect": could not find dataconnect.yaml in `c:\Users\cosma\KaraImmo\dataconnect`
 {"metadata":{"emulator":{"name":"dataconnect"},"message":"E0520 09:22:30.190683  308640 watch.go:40] Failed to load config from \"c:\\\\Users\\\\cosma\\\\KaraImmo\\\\dataconnect\": could not find dataconnect.yaml in `c:\\Users\\cosma\\KaraImmo\\dataconnect`\n"}}
[debug] [2026-05-20T13:22:40.191Z] E0520 09:22:40.190046  308640 watch.go:116] watchAllDir unable to walk dir `c:\Users\cosma\KaraImmo\dataconnect`: GetFileAttributesEx c:\Users\cosma\KaraImmo\dataconnect: The system cannot find the file specified.
E0520 09:22:40.190046  308640 watch.go:40] Failed to load config from "c:\\Users\\cosma\\KaraImmo\\dataconnect": could not find dataconnect.yaml in `c:\Users\cosma\KaraImmo\dataconnect`
 {"metadata":{"emulator":{"name":"dataconnect"},"message":"E0520 09:22:40.190046  308640 watch.go:116] watchAllDir unable to walk dir `c:\\Users\\cosma\\KaraImmo\\dataconnect`: GetFileAttributesEx c:\\Users\\cosma\\KaraImmo\\dataconnect: The system cannot find the file specified.\nE0520 09:22:40.190046  308640 watch.go:40] Failed to load config from \"c:\\\\Users\\\\cosma\\\\KaraImmo\\\\dataconnect\": could not find dataconnect.yaml in `c:\\Users\\cosma\\KaraImmo\\dataconnect`\n"}}
[debug] [2026-05-20T13:22:50.192Z] E0520 09:22:50.192058  308640 watch.go:40] Failed to load config from "c:\\Users\\cosma\\KaraImmo\\dataconnect": could not find dataconnect.yaml in `c:\Users\cosma\KaraImmo\dataconnect`
 {"metadata":{"emulator":{"name":"dataconnect"},"message":"E0520 09:22:50.192058  308640 watch.go:40] Failed to load config from \"c:\\\\Users\\\\cosma\\\\KaraImmo\\\\dataconnect\": could not find dataconnect.yaml in `c:\\Users\\cosma\\KaraImmo\\dataconnect`\n"}}
[debug] [2026-05-20T13:23:00.190Z] E0520 09:23:00.189508  308640 watch.go:40] Failed to load config from "c:\\Users\\cosma\\KaraImmo\\dataconnect": could not find dataconnect.yaml in `c:\Users\cosma\KaraImmo\dataconnect`
 {"metadata":{"emulator":{"name":"dataconnect"},"message":"E0520 09:23:00.189508  308640 watch.go:40] Failed to load config from \"c:\\\\Users\\\\cosma\\\\KaraImmo\\\\dataconnect\": could not find dataconnect.yaml in `c:\\Users\\cosma\\KaraImmo\\dataconnect`\n"}}
[debug] [2026-05-20T13:23:10.189Z] E0520 09:23:10.189328  308640 watch.go:40] Failed to load config from "c:\\Users\\cosma\\KaraImmo\\dataconnect": could not find dataconnect.yaml in `c:\Users\cosma\KaraImmo\dataconnect`
 {"metadata":{"emulator":{"name":"dataconnect"},"message":"E0520 09:23:10.189328  308640 watch.go:40] Failed to load config from \"c:\\\\Users\\\\cosma\\\\KaraImmo\\\\dataconnect\": could not find dataconnect.yaml in `c:\\Users\\cosma\\KaraImmo\\dataconnect`\n"}}
[debug] [2026-05-20T13:23:20.189Z] E0520 09:23:20.189457  308640 watch.go:40] Failed to load config from "c:\\Users\\cosma\\KaraImmo\\dataconnect": could not find dataconnect.yaml in `c:\Users\cosma\KaraImmo\dataconnect`
 {"metadata":{"emulator":{"name":"dataconnect"},"message":"E0520 09:23:20.189457  308640 watch.go:40] Failed to load config from \"c:\\\\Users\\\\cosma\\\\KaraImmo\\\\dataconnect\": could not find dataconnect.yaml in `c:\\Users\\cosma\\KaraImmo\\dataconnect`\n"}}
[debug] [2026-05-20T13:23:30.189Z] E0520 09:23:30.189873  308640 watch.go:40] Failed to load config from "c:\\Users\\cosma\\KaraImmo\\dataconnect": could not find dataconnect.yaml in `c:\Users\cosma\KaraImmo\dataconnect`
 {"metadata":{"emulator":{"name":"dataconnect"},"message":"E0520 09:23:30.189873  308640 watch.go:40] Failed to load config from \"c:\\\\Users\\\\cosma\\\\KaraImmo\\\\dataconnect\": could not find dataconnect.yaml in `c:\\Users\\cosma\\KaraImmo\\dataconnect`\n"}}
[debug] [2026-05-20T13:23:40.189Z] E0520 09:23:40.189831  308640 watch.go:116] watchAllDir unable to walk dir `c:\Users\cosma\KaraImmo\dataconnect`: GetFileAttributesEx c:\Users\cosma\KaraImmo\dataconnect: The system cannot find the file specified.
E0520 09:23:40.189831  308640 watch.go:40] Failed to load config from "c:\\Users\\cosma\\KaraImmo\\dataconnect": could not find dataconnect.yaml in `c:\Users\cosma\KaraImmo\dataconnect`
 {"metadata":{"emulator":{"name":"dataconnect"},"message":"E0520 09:23:40.189831  308640 watch.go:116] watchAllDir unable to walk dir `c:\\Users\\cosma\\KaraImmo\\dataconnect`: GetFileAttributesEx c:\\Users\\cosma\\KaraImmo\\dataconnect: The system cannot find the file specified.\nE0520 09:23:40.189831  308640 watch.go:40] Failed to load config from \"c:\\\\Users\\\\cosma\\\\KaraImmo\\\\dataconnect\": could not find dataconnect.yaml in `c:\\Users\\cosma\\KaraImmo\\dataconnect`\n"}}
[debug] [2026-05-20T13:23:50.191Z] E0520 09:23:50.191155  308640 watch.go:40] Failed to load config from "c:\\Users\\cosma\\KaraImmo\\dataconnect": could not find dataconnect.yaml in `c:\Users\cosma\KaraImmo\dataconnect`
 {"metadata":{"emulator":{"name":"dataconnect"},"message":"E0520 09:23:50.191155  308640 watch.go:40] Failed to load config from \"c:\\\\Users\\\\cosma\\\\KaraImmo\\\\dataconnect\": could not find dataconnect.yaml in `c:\\Users\\cosma\\KaraImmo\\dataconnect`\n"}}
[debug] [2026-05-20T13:24:00.190Z] E0520 09:24:00.189644  308640 watch.go:40] Failed to load config from "c:\\Users\\cosma\\KaraImmo\\dataconnect": could not find dataconnect.yaml in `c:\Users\cosma\KaraImmo\dataconnect`
 {"metadata":{"emulator":{"name":"dataconnect"},"message":"E0520 09:24:00.189644  308640 watch.go:40] Failed to load config from \"c:\\\\Users\\\\cosma\\\\KaraImmo\\\\dataconnect\": could not find dataconnect.yaml in `c:\\Users\\cosma\\KaraImmo\\dataconnect`\n"}}
[debug] [2026-05-20T13:24:10.190Z] E0520 09:24:10.189704  308640 watch.go:40] Failed to load config from "c:\\Users\\cosma\\KaraImmo\\dataconnect": could not find dataconnect.yaml in `c:\Users\cosma\KaraImmo\dataconnect`
 {"metadata":{"emulator":{"name":"dataconnect"},"message":"E0520 09:24:10.189704  308640 watch.go:40] Failed to load config from \"c:\\\\Users\\\\cosma\\\\KaraImmo\\\\dataconnect\": could not find dataconnect.yaml in `c:\\Users\\cosma\\KaraImmo\\dataconnect`\n"}}
[debug] [2026-05-20T13:24:20.190Z] E0520 09:24:20.190575  308640 watch.go:40] Failed to load config from "c:\\Users\\cosma\\KaraImmo\\dataconnect": could not find dataconnect.yaml in `c:\Users\cosma\KaraImmo\dataconnect`
 {"metadata":{"emulator":{"name":"dataconnect"},"message":"E0520 09:24:20.190575  308640 watch.go:40] Failed to load config from \"c:\\\\Users\\\\cosma\\\\KaraImmo\\\\dataconnect\": could not find dataconnect.yaml in `c:\\Users\\cosma\\KaraImmo\\dataconnect`\n"}}
[debug] [2026-05-20T13:24:30.190Z] E0520 09:24:30.190290  308640 watch.go:40] Failed to load config from "c:\\Users\\cosma\\KaraImmo\\dataconnect": could not find dataconnect.yaml in `c:\Users\cosma\KaraImmo\dataconnect`
 {"metadata":{"emulator":{"name":"dataconnect"},"message":"E0520 09:24:30.190290  308640 watch.go:40] Failed to load config from \"c:\\\\Users\\\\cosma\\\\KaraImmo\\\\dataconnect\": could not find dataconnect.yaml in `c:\\Users\\cosma\\KaraImmo\\dataconnect`\n"}}
[debug] [2026-05-20T13:24:40.189Z] E0520 09:24:40.189850  308640 watch.go:116] watchAllDir unable to walk dir `c:\Users\cosma\KaraImmo\dataconnect`: GetFileAttributesEx c:\Users\cosma\KaraImmo\dataconnect: The system cannot find the file specified.
 {"metadata":{"emulator":{"name":"dataconnect"},"message":"E0520 09:24:40.189850  308640 watch.go:116] watchAllDir unable to walk dir `c:\\Users\\cosma\\KaraImmo\\dataconnect`: GetFileAttributesEx c:\\Users\\cosma\\KaraImmo\\dataconnect: The system cannot find the file specified.\n"}}
[debug] [2026-05-20T13:24:40.190Z] E0520 09:24:40.192396  308640 watch.go:40] Failed to load config from "c:\\Users\\cosma\\KaraImmo\\dataconnect": could not find dataconnect.yaml in `c:\Users\cosma\KaraImmo\dataconnect`
 {"metadata":{"emulator":{"name":"dataconnect"},"message":"E0520 09:24:40.192396  308640 watch.go:40] Failed to load config from \"c:\\\\Users\\\\cosma\\\\KaraImmo\\\\dataconnect\": could not find dataconnect.yaml in `c:\\Users\\cosma\\KaraImmo\\dataconnect`\n"}}
[debug] [2026-05-20T13:24:50.190Z] E0520 09:24:50.189907  308640 watch.go:40] Failed to load config from "c:\\Users\\cosma\\KaraImmo\\dataconnect": could not find dataconnect.yaml in `c:\Users\cosma\KaraImmo\dataconnect`
 {"metadata":{"emulator":{"name":"dataconnect"},"message":"E0520 09:24:50.189907  308640 watch.go:40] Failed to load config from \"c:\\\\Users\\\\cosma\\\\KaraImmo\\\\dataconnect\": could not find dataconnect.yaml in `c:\\Users\\cosma\\KaraImmo\\dataconnect`\n"}}
[debug] [2026-05-20T13:25:00.190Z] E0520 09:25:00.190339  308640 watch.go:40] Failed to load config from "c:\\Users\\cosma\\KaraImmo\\dataconnect": could not find dataconnect.yaml in `c:\Users\cosma\KaraImmo\dataconnect`
 {"metadata":{"emulator":{"name":"dataconnect"},"message":"E0520 09:25:00.190339  308640 watch.go:40] Failed to load config from \"c:\\\\Users\\\\cosma\\\\KaraImmo\\\\dataconnect\": could not find dataconnect.yaml in `c:\\Users\\cosma\\KaraImmo\\dataconnect`\n"}}
[debug] [2026-05-20T13:25:10.188Z] E0520 09:25:10.190048  308640 watch.go:40] Failed to load config from "c:\\Users\\cosma\\KaraImmo\\dataconnect": could not find dataconnect.yaml in `c:\Users\cosma\KaraImmo\dataconnect`
 {"metadata":{"emulator":{"name":"dataconnect"},"message":"E0520 09:25:10.190048  308640 watch.go:40] Failed to load config from \"c:\\\\Users\\\\cosma\\\\KaraImmo\\\\dataconnect\": could not find dataconnect.yaml in `c:\\Users\\cosma\\KaraImmo\\dataconnect`\n"}}
[debug] [2026-05-20T13:25:20.188Z] E0520 09:25:20.189811  308640 watch.go:40] Failed to load config from "c:\\Users\\cosma\\KaraImmo\\dataconnect": could not find dataconnect.yaml in `c:\Users\cosma\KaraImmo\dataconnect`
 {"metadata":{"emulator":{"name":"dataconnect"},"message":"E0520 09:25:20.189811  308640 watch.go:40] Failed to load config from \"c:\\\\Users\\\\cosma\\\\KaraImmo\\\\dataconnect\": could not find dataconnect.yaml in `c:\\Users\\cosma\\KaraImmo\\dataconnect`\n"}}
[debug] [2026-05-20T13:25:30.189Z] E0520 09:25:30.191297  308640 watch.go:40] Failed to load config from "c:\\Users\\cosma\\KaraImmo\\dataconnect": could not find dataconnect.yaml in `c:\Users\cosma\KaraImmo\dataconnect`
 {"metadata":{"emulator":{"name":"dataconnect"},"message":"E0520 09:25:30.191297  308640 watch.go:40] Failed to load config from \"c:\\\\Users\\\\cosma\\\\KaraImmo\\\\dataconnect\": could not find dataconnect.yaml in `c:\\Users\\cosma\\KaraImmo\\dataconnect`\n"}}
[debug] [2026-05-20T13:25:40.188Z] E0520 09:25:40.189914  308640 watch.go:116] watchAllDir unable to walk dir `c:\Users\cosma\KaraImmo\dataconnect`: GetFileAttributesEx c:\Users\cosma\KaraImmo\dataconnect: The system cannot find the file specified.
E0520 09:25:40.189914  308640 watch.go:40] Failed to load config from "c:\\Users\\cosma\\KaraImmo\\dataconnect": could not find dataconnect.yaml in `c:\Users\cosma\KaraImmo\dataconnect`
 {"metadata":{"emulator":{"name":"dataconnect"},"message":"E0520 09:25:40.189914  308640 watch.go:116] watchAllDir unable to walk dir `c:\\Users\\cosma\\KaraImmo\\dataconnect`: GetFileAttributesEx c:\\Users\\cosma\\KaraImmo\\dataconnect: The system cannot find the file specified.\nE0520 09:25:40.189914  308640 watch.go:40] Failed to load config from \"c:\\\\Users\\\\cosma\\\\KaraImmo\\\\dataconnect\": could not find dataconnect.yaml in `c:\\Users\\cosma\\KaraImmo\\dataconnect`\n"}}
[debug] [2026-05-20T13:25:50.190Z] E0520 09:25:50.189825  308640 watch.go:40] Failed to load config from "c:\\Users\\cosma\\KaraImmo\\dataconnect": could not find dataconnect.yaml in `c:\Users\cosma\KaraImmo\dataconnect`
 {"metadata":{"emulator":{"name":"dataconnect"},"message":"E0520 09:25:50.189825  308640 watch.go:40] Failed to load config from \"c:\\\\Users\\\\cosma\\\\KaraImmo\\\\dataconnect\": could not find dataconnect.yaml in `c:\\Users\\cosma\\KaraImmo\\dataconnect`\n"}}
[debug] [2026-05-20T13:26:00.191Z] E0520 09:26:00.190757  308640 watch.go:40] Failed to load config from "c:\\Users\\cosma\\KaraImmo\\dataconnect": could not find dataconnect.yaml in `c:\Users\cosma\KaraImmo\dataconnect`
 {"metadata":{"emulator":{"name":"dataconnect"},"message":"E0520 09:26:00.190757  308640 watch.go:40] Failed to load config from \"c:\\\\Users\\\\cosma\\\\KaraImmo\\\\dataconnect\": could not find dataconnect.yaml in `c:\\Users\\cosma\\KaraImmo\\dataconnect`\n"}}
[debug] [2026-05-20T13:26:10.191Z] E0520 09:26:10.190886  308640 watch.go:40] Failed to load config from "c:\\Users\\cosma\\KaraImmo\\dataconnect": could not find dataconnect.yaml in `c:\Users\cosma\KaraImmo\dataconnect`
 {"metadata":{"emulator":{"name":"dataconnect"},"message":"E0520 09:26:10.190886  308640 watch.go:40] Failed to load config from \"c:\\\\Users\\\\cosma\\\\KaraImmo\\\\dataconnect\": could not find dataconnect.yaml in `c:\\Users\\cosma\\KaraImmo\\dataconnect`\n"}}
[debug] [2026-05-20T13:26:20.191Z] E0520 09:26:20.189777  308640 watch.go:40] Failed to load config from "c:\\Users\\cosma\\KaraImmo\\dataconnect": could not find dataconnect.yaml in `c:\Users\cosma\KaraImmo\dataconnect`
 {"metadata":{"emulator":{"name":"dataconnect"},"message":"E0520 09:26:20.189777  308640 watch.go:40] Failed to load config from \"c:\\\\Users\\\\cosma\\\\KaraImmo\\\\dataconnect\": could not find dataconnect.yaml in `c:\\Users\\cosma\\KaraImmo\\dataconnect`\n"}}
[debug] [2026-05-20T13:26:30.190Z] E0520 09:26:30.190057  308640 watch.go:40] Failed to load config from "c:\\Users\\cosma\\KaraImmo\\dataconnect": could not find dataconnect.yaml in `c:\Users\cosma\KaraImmo\dataconnect`
 {"metadata":{"emulator":{"name":"dataconnect"},"message":"E0520 09:26:30.190057  308640 watch.go:40] Failed to load config from \"c:\\\\Users\\\\cosma\\\\KaraImmo\\\\dataconnect\": could not find dataconnect.yaml in `c:\\Users\\cosma\\KaraImmo\\dataconnect`\n"}}
[debug] [2026-05-20T13:26:40.193Z] E0520 09:26:40.193188  308640 watch.go:116] watchAllDir unable to walk dir `c:\Users\cosma\KaraImmo\dataconnect`: GetFileAttributesEx c:\Users\cosma\KaraImmo\dataconnect: The system cannot find the file specified.
 {"metadata":{"emulator":{"name":"dataconnect"},"message":"E0520 09:26:40.193188  308640 watch.go:116] watchAllDir unable to walk dir `c:\\Users\\cosma\\KaraImmo\\dataconnect`: GetFileAttributesEx c:\\Users\\cosma\\KaraImmo\\dataconnect: The system cannot find the file specified.\n"}}
[debug] [2026-05-20T13:26:40.193Z] E0520 09:26:40.193188  308640 watch.go:40] Failed to load config from "c:\\Users\\cosma\\KaraImmo\\dataconnect": could not find dataconnect.yaml in `c:\Users\cosma\KaraImmo\dataconnect`
 {"metadata":{"emulator":{"name":"dataconnect"},"message":"E0520 09:26:40.193188  308640 watch.go:40] Failed to load config from \"c:\\\\Users\\\\cosma\\\\KaraImmo\\\\dataconnect\": could not find dataconnect.yaml in `c:\\Users\\cosma\\KaraImmo\\dataconnect`\n"}}
[debug] [2026-05-20T13:26:50.190Z] E0520 09:26:50.189693  308640 watch.go:40] Failed to load config from "c:\\Users\\cosma\\KaraImmo\\dataconnect": could not find dataconnect.yaml in `c:\Users\cosma\KaraImmo\dataconnect`
 {"metadata":{"emulator":{"name":"dataconnect"},"message":"E0520 09:26:50.189693  308640 watch.go:40] Failed to load config from \"c:\\\\Users\\\\cosma\\\\KaraImmo\\\\dataconnect\": could not find dataconnect.yaml in `c:\\Users\\cosma\\KaraImmo\\dataconnect`\n"}}
[debug] [2026-05-20T13:27:00.189Z] E0520 09:27:00.189985  308640 watch.go:40] Failed to load config from "c:\\Users\\cosma\\KaraImmo\\dataconnect": could not find dataconnect.yaml in `c:\Users\cosma\KaraImmo\dataconnect`
 {"metadata":{"emulator":{"name":"dataconnect"},"message":"E0520 09:27:00.189985  308640 watch.go:40] Failed to load config from \"c:\\\\Users\\\\cosma\\\\KaraImmo\\\\dataconnect\": could not find dataconnect.yaml in `c:\\Users\\cosma\\KaraImmo\\dataconnect`\n"}}
[debug] [2026-05-20T13:27:10.190Z] E0520 09:27:10.190080  308640 watch.go:40] Failed to load config from "c:\\Users\\cosma\\KaraImmo\\dataconnect": could not find dataconnect.yaml in `c:\Users\cosma\KaraImmo\dataconnect`
 {"metadata":{"emulator":{"name":"dataconnect"},"message":"E0520 09:27:10.190080  308640 watch.go:40] Failed to load config from \"c:\\\\Users\\\\cosma\\\\KaraImmo\\\\dataconnect\": could not find dataconnect.yaml in `c:\\Users\\cosma\\KaraImmo\\dataconnect`\n"}}
[debug] [2026-05-20T13:27:20.190Z] E0520 09:27:20.190627  308640 watch.go:40] Failed to load config from "c:\\Users\\cosma\\KaraImmo\\dataconnect": could not find dataconnect.yaml in `c:\Users\cosma\KaraImmo\dataconnect`
 {"metadata":{"emulator":{"name":"dataconnect"},"message":"E0520 09:27:20.190627  308640 watch.go:40] Failed to load config from \"c:\\\\Users\\\\cosma\\\\KaraImmo\\\\dataconnect\": could not find dataconnect.yaml in `c:\\Users\\cosma\\KaraImmo\\dataconnect`\n"}}
[debug] [2026-05-20T13:27:30.190Z] E0520 09:27:30.190130  308640 watch.go:40] Failed to load config from "c:\\Users\\cosma\\KaraImmo\\dataconnect": could not find dataconnect.yaml in `c:\Users\cosma\KaraImmo\dataconnect`
 {"metadata":{"emulator":{"name":"dataconnect"},"message":"E0520 09:27:30.190130  308640 watch.go:40] Failed to load config from \"c:\\\\Users\\\\cosma\\\\KaraImmo\\\\dataconnect\": could not find dataconnect.yaml in `c:\\Users\\cosma\\KaraImmo\\dataconnect`\n"}}
[debug] [2026-05-20T13:27:40.190Z] E0520 09:27:40.189827  308640 watch.go:116] watchAllDir unable to walk dir `c:\Users\cosma\KaraImmo\dataconnect`: GetFileAttributesEx c:\Users\cosma\KaraImmo\dataconnect: The system cannot find the file specified.
 {"metadata":{"emulator":{"name":"dataconnect"},"message":"E0520 09:27:40.189827  308640 watch.go:116] watchAllDir unable to walk dir `c:\\Users\\cosma\\KaraImmo\\dataconnect`: GetFileAttributesEx c:\\Users\\cosma\\KaraImmo\\dataconnect: The system cannot find the file specified.\n"}}
[debug] [2026-05-20T13:27:40.190Z] E0520 09:27:40.189827  308640 watch.go:40] Failed to load config from "c:\\Users\\cosma\\KaraImmo\\dataconnect": could not find dataconnect.yaml in `c:\Users\cosma\KaraImmo\dataconnect`
 {"metadata":{"emulator":{"name":"dataconnect"},"message":"E0520 09:27:40.189827  308640 watch.go:40] Failed to load config from \"c:\\\\Users\\\\cosma\\\\KaraImmo\\\\dataconnect\": could not find dataconnect.yaml in `c:\\Users\\cosma\\KaraImmo\\dataconnect`\n"}}
[debug] [2026-05-20T13:27:50.192Z] E0520 09:27:50.192532  308640 watch.go:40] Failed to load config from "c:\\Users\\cosma\\KaraImmo\\dataconnect": could not find dataconnect.yaml in `c:\Users\cosma\KaraImmo\dataconnect`
 {"metadata":{"emulator":{"name":"dataconnect"},"message":"E0520 09:27:50.192532  308640 watch.go:40] Failed to load config from \"c:\\\\Users\\\\cosma\\\\KaraImmo\\\\dataconnect\": could not find dataconnect.yaml in `c:\\Users\\cosma\\KaraImmo\\dataconnect`\n"}}
[debug] [2026-05-20T13:28:00.189Z] E0520 09:28:00.189773  308640 watch.go:40] Failed to load config from "c:\\Users\\cosma\\KaraImmo\\dataconnect": could not find dataconnect.yaml in `c:\Users\cosma\KaraImmo\dataconnect`
 {"metadata":{"emulator":{"name":"dataconnect"},"message":"E0520 09:28:00.189773  308640 watch.go:40] Failed to load config from \"c:\\\\Users\\\\cosma\\\\KaraImmo\\\\dataconnect\": could not find dataconnect.yaml in `c:\\Users\\cosma\\KaraImmo\\dataconnect`\n"}}
[debug] [2026-05-20T13:28:10.191Z] E0520 09:28:10.190865  308640 watch.go:40] Failed to load config from "c:\\Users\\cosma\\KaraImmo\\dataconnect": could not find dataconnect.yaml in `c:\Users\cosma\KaraImmo\dataconnect`
 {"metadata":{"emulator":{"name":"dataconnect"},"message":"E0520 09:28:10.190865  308640 watch.go:40] Failed to load config from \"c:\\\\Users\\\\cosma\\\\KaraImmo\\\\dataconnect\": could not find dataconnect.yaml in `c:\\Users\\cosma\\KaraImmo\\dataconnect`\n"}}
[debug] [2026-05-20T13:28:20.190Z] E0520 09:28:20.190219  308640 watch.go:40] Failed to load config from "c:\\Users\\cosma\\KaraImmo\\dataconnect": could not find dataconnect.yaml in `c:\Users\cosma\KaraImmo\dataconnect`
 {"metadata":{"emulator":{"name":"dataconnect"},"message":"E0520 09:28:20.190219  308640 watch.go:40] Failed to load config from \"c:\\\\Users\\\\cosma\\\\KaraImmo\\\\dataconnect\": could not find dataconnect.yaml in `c:\\Users\\cosma\\KaraImmo\\dataconnect`\n"}}
[debug] [2026-05-20T13:28:30.191Z] E0520 09:28:30.190952  308640 watch.go:40] Failed to load config from "c:\\Users\\cosma\\KaraImmo\\dataconnect": could not find dataconnect.yaml in `c:\Users\cosma\KaraImmo\dataconnect`
 {"metadata":{"emulator":{"name":"dataconnect"},"message":"E0520 09:28:30.190952  308640 watch.go:40] Failed to load config from \"c:\\\\Users\\\\cosma\\\\KaraImmo\\\\dataconnect\": could not find dataconnect.yaml in `c:\\Users\\cosma\\KaraImmo\\dataconnect`\n"}}
[debug] [2026-05-20T13:28:40.191Z] E0520 09:28:40.191633  308640 watch.go:116] watchAllDir unable to walk dir `c:\Users\cosma\KaraImmo\dataconnect`: GetFileAttributesEx c:\Users\cosma\KaraImmo\dataconnect: The system cannot find the file specified.
 {"metadata":{"emulator":{"name":"dataconnect"},"message":"E0520 09:28:40.191633  308640 watch.go:116] watchAllDir unable to walk dir `c:\\Users\\cosma\\KaraImmo\\dataconnect`: GetFileAttributesEx c:\\Users\\cosma\\KaraImmo\\dataconnect: The system cannot find the file specified.\n"}}
[debug] [2026-05-20T13:28:40.192Z] E0520 09:28:40.191633  308640 watch.go:40] Failed to load config from "c:\\Users\\cosma\\KaraImmo\\dataconnect": could not find dataconnect.yaml in `c:\Users\cosma\KaraImmo\dataconnect`
 {"metadata":{"emulator":{"name":"dataconnect"},"message":"E0520 09:28:40.191633  308640 watch.go:40] Failed to load config from \"c:\\\\Users\\\\cosma\\\\KaraImmo\\\\dataconnect\": could not find dataconnect.yaml in `c:\\Users\\cosma\\KaraImmo\\dataconnect`\n"}}
[debug] [2026-05-20T13:28:50.190Z] E0520 09:28:50.190045  308640 watch.go:40] Failed to load config from "c:\\Users\\cosma\\KaraImmo\\dataconnect": could not find dataconnect.yaml in `c:\Users\cosma\KaraImmo\dataconnect`
 {"metadata":{"emulator":{"name":"dataconnect"},"message":"E0520 09:28:50.190045  308640 watch.go:40] Failed to load config from \"c:\\\\Users\\\\cosma\\\\KaraImmo\\\\dataconnect\": could not find dataconnect.yaml in `c:\\Users\\cosma\\KaraImmo\\dataconnect`\n"}}
[debug] [2026-05-20T13:29:00.190Z] E0520 09:29:00.190298  308640 watch.go:40] Failed to load config from "c:\\Users\\cosma\\KaraImmo\\dataconnect": could not find dataconnect.yaml in `c:\Users\cosma\KaraImmo\dataconnect`
 {"metadata":{"emulator":{"name":"dataconnect"},"message":"E0520 09:29:00.190298  308640 watch.go:40] Failed to load config from \"c:\\\\Users\\\\cosma\\\\KaraImmo\\\\dataconnect\": could not find dataconnect.yaml in `c:\\Users\\cosma\\KaraImmo\\dataconnect`\n"}}
[debug] [2026-05-20T13:29:10.189Z] E0520 09:29:10.190129  308640 watch.go:40] Failed to load config from "c:\\Users\\cosma\\KaraImmo\\dataconnect": could not find dataconnect.yaml in `c:\Users\cosma\KaraImmo\dataconnect`
 {"metadata":{"emulator":{"name":"dataconnect"},"message":"E0520 09:29:10.190129  308640 watch.go:40] Failed to load config from \"c:\\\\Users\\\\cosma\\\\KaraImmo\\\\dataconnect\": could not find dataconnect.yaml in `c:\\Users\\cosma\\KaraImmo\\dataconnect`\n"}}
[debug] [2026-05-20T13:29:20.190Z] E0520 09:29:20.190899  308640 watch.go:40] Failed to load config from "c:\\Users\\cosma\\KaraImmo\\dataconnect": could not find dataconnect.yaml in `c:\Users\cosma\KaraImmo\dataconnect`
 {"metadata":{"emulator":{"name":"dataconnect"},"message":"E0520 09:29:20.190899  308640 watch.go:40] Failed to load config from \"c:\\\\Users\\\\cosma\\\\KaraImmo\\\\dataconnect\": could not find dataconnect.yaml in `c:\\Users\\cosma\\KaraImmo\\dataconnect`\n"}}
[debug] [2026-05-20T13:29:30.189Z] E0520 09:29:30.189752  308640 watch.go:40] Failed to load config from "c:\\Users\\cosma\\KaraImmo\\dataconnect": could not find dataconnect.yaml in `c:\Users\cosma\KaraImmo\dataconnect`
 {"metadata":{"emulator":{"name":"dataconnect"},"message":"E0520 09:29:30.189752  308640 watch.go:40] Failed to load config from \"c:\\\\Users\\\\cosma\\\\KaraImmo\\\\dataconnect\": could not find dataconnect.yaml in `c:\\Users\\cosma\\KaraImmo\\dataconnect`\n"}}
[debug] [2026-05-20T13:29:40.189Z] E0520 09:29:40.189980  308640 watch.go:116] watchAllDir unable to walk dir `c:\Users\cosma\KaraImmo\dataconnect`: GetFileAttributesEx c:\Users\cosma\KaraImmo\dataconnect: The system cannot find the file specified.
 {"metadata":{"emulator":{"name":"dataconnect"},"message":"E0520 09:29:40.189980  308640 watch.go:116] watchAllDir unable to walk dir `c:\\Users\\cosma\\KaraImmo\\dataconnect`: GetFileAttributesEx c:\\Users\\cosma\\KaraImmo\\dataconnect: The system cannot find the file specified.\n"}}
[debug] [2026-05-20T13:29:40.190Z] E0520 09:29:40.189980  308640 watch.go:40] Failed to load config from "c:\\Users\\cosma\\KaraImmo\\dataconnect": could not find dataconnect.yaml in `c:\Users\cosma\KaraImmo\dataconnect`
 {"metadata":{"emulator":{"name":"dataconnect"},"message":"E0520 09:29:40.189980  308640 watch.go:40] Failed to load config from \"c:\\\\Users\\\\cosma\\\\KaraImmo\\\\dataconnect\": could not find dataconnect.yaml in `c:\\Users\\cosma\\KaraImmo\\dataconnect`\n"}}
[debug] [2026-05-20T13:29:50.189Z] E0520 09:29:50.190166  308640 watch.go:40] Failed to load config from "c:\\Users\\cosma\\KaraImmo\\dataconnect": could not find dataconnect.yaml in `c:\Users\cosma\KaraImmo\dataconnect`
 {"metadata":{"emulator":{"name":"dataconnect"},"message":"E0520 09:29:50.190166  308640 watch.go:40] Failed to load config from \"c:\\\\Users\\\\cosma\\\\KaraImmo\\\\dataconnect\": could not find dataconnect.yaml in `c:\\Users\\cosma\\KaraImmo\\dataconnect`\n"}}
[debug] [2026-05-20T13:30:00.189Z] E0520 09:30:00.189898  308640 watch.go:40] Failed to load config from "c:\\Users\\cosma\\KaraImmo\\dataconnect": could not find dataconnect.yaml in `c:\Users\cosma\KaraImmo\dataconnect`
 {"metadata":{"emulator":{"name":"dataconnect"},"message":"E0520 09:30:00.189898  308640 watch.go:40] Failed to load config from \"c:\\\\Users\\\\cosma\\\\KaraImmo\\\\dataconnect\": could not find dataconnect.yaml in `c:\\Users\\cosma\\KaraImmo\\dataconnect`\n"}}
[debug] [2026-05-20T13:30:10.189Z] E0520 09:30:10.189807  308640 watch.go:40] Failed to load config from "c:\\Users\\cosma\\KaraImmo\\dataconnect": could not find dataconnect.yaml in `c:\Users\cosma\KaraImmo\dataconnect`
 {"metadata":{"emulator":{"name":"dataconnect"},"message":"E0520 09:30:10.189807  308640 watch.go:40] Failed to load config from \"c:\\\\Users\\\\cosma\\\\KaraImmo\\\\dataconnect\": could not find dataconnect.yaml in `c:\\Users\\cosma\\KaraImmo\\dataconnect`\n"}}
[debug] [2026-05-20T13:30:20.190Z] E0520 09:30:20.190714  308640 watch.go:40] Failed to load config from "c:\\Users\\cosma\\KaraImmo\\dataconnect": could not find dataconnect.yaml in `c:\Users\cosma\KaraImmo\dataconnect`
 {"metadata":{"emulator":{"name":"dataconnect"},"message":"E0520 09:30:20.190714  308640 watch.go:40] Failed to load config from \"c:\\\\Users\\\\cosma\\\\KaraImmo\\\\dataconnect\": could not find dataconnect.yaml in `c:\\Users\\cosma\\KaraImmo\\dataconnect`\n"}}
[debug] [2026-05-20T13:30:30.190Z] E0520 09:30:30.190465  308640 watch.go:40] Failed to load config from "c:\\Users\\cosma\\KaraImmo\\dataconnect": could not find dataconnect.yaml in `c:\Users\cosma\KaraImmo\dataconnect`
 {"metadata":{"emulator":{"name":"dataconnect"},"message":"E0520 09:30:30.190465  308640 watch.go:40] Failed to load config from \"c:\\\\Users\\\\cosma\\\\KaraImmo\\\\dataconnect\": could not find dataconnect.yaml in `c:\\Users\\cosma\\KaraImmo\\dataconnect`\n"}}
[debug] [2026-05-20T13:30:40.191Z] E0520 09:30:40.191486  308640 watch.go:116] watchAllDir unable to walk dir `c:\Users\cosma\KaraImmo\dataconnect`: GetFileAttributesEx c:\Users\cosma\KaraImmo\dataconnect: The system cannot find the file specified.
 {"metadata":{"emulator":{"name":"dataconnect"},"message":"E0520 09:30:40.191486  308640 watch.go:116] watchAllDir unable to walk dir `c:\\Users\\cosma\\KaraImmo\\dataconnect`: GetFileAttributesEx c:\\Users\\cosma\\KaraImmo\\dataconnect: The system cannot find the file specified.\n"}}
[debug] [2026-05-20T13:30:40.192Z] E0520 09:30:40.192795  308640 watch.go:40] Failed to load config from "c:\\Users\\cosma\\KaraImmo\\dataconnect": could not find dataconnect.yaml in `c:\Users\cosma\KaraImmo\dataconnect`
 {"metadata":{"emulator":{"name":"dataconnect"},"message":"E0520 09:30:40.192795  308640 watch.go:40] Failed to load config from \"c:\\\\Users\\\\cosma\\\\KaraImmo\\\\dataconnect\": could not find dataconnect.yaml in `c:\\Users\\cosma\\KaraImmo\\dataconnect`\n"}}
[debug] [2026-05-20T13:30:50.189Z] E0520 09:30:50.189985  308640 watch.go:40] Failed to load config from "c:\\Users\\cosma\\KaraImmo\\dataconnect": could not find dataconnect.yaml in `c:\Users\cosma\KaraImmo\dataconnect`
 {"metadata":{"emulator":{"name":"dataconnect"},"message":"E0520 09:30:50.189985  308640 watch.go:40] Failed to load config from \"c:\\\\Users\\\\cosma\\\\KaraImmo\\\\dataconnect\": could not find dataconnect.yaml in `c:\\Users\\cosma\\KaraImmo\\dataconnect`\n"}}
[debug] [2026-05-20T13:31:00.191Z] E0520 09:31:00.191899  308640 watch.go:40] Failed to load config from "c:\\Users\\cosma\\KaraImmo\\dataconnect": could not find dataconnect.yaml in `c:\Users\cosma\KaraImmo\dataconnect`
 {"metadata":{"emulator":{"name":"dataconnect"},"message":"E0520 09:31:00.191899  308640 watch.go:40] Failed to load config from \"c:\\\\Users\\\\cosma\\\\KaraImmo\\\\dataconnect\": could not find dataconnect.yaml in `c:\\Users\\cosma\\KaraImmo\\dataconnect`\n"}}
[debug] [2026-05-20T13:31:10.189Z] E0520 09:31:10.190049  308640 watch.go:40] Failed to load config from "c:\\Users\\cosma\\KaraImmo\\dataconnect": could not find dataconnect.yaml in `c:\Users\cosma\KaraImmo\dataconnect`
 {"metadata":{"emulator":{"name":"dataconnect"},"message":"E0520 09:31:10.190049  308640 watch.go:40] Failed to load config from \"c:\\\\Users\\\\cosma\\\\KaraImmo\\\\dataconnect\": could not find dataconnect.yaml in `c:\\Users\\cosma\\KaraImmo\\dataconnect`\n"}}
[debug] [2026-05-20T13:31:20.189Z] E0520 09:31:20.190024  308640 watch.go:40] Failed to load config from "c:\\Users\\cosma\\KaraImmo\\dataconnect": could not find dataconnect.yaml in `c:\Users\cosma\KaraImmo\dataconnect`
 {"metadata":{"emulator":{"name":"dataconnect"},"message":"E0520 09:31:20.190024  308640 watch.go:40] Failed to load config from \"c:\\\\Users\\\\cosma\\\\KaraImmo\\\\dataconnect\": could not find dataconnect.yaml in `c:\\Users\\cosma\\KaraImmo\\dataconnect`\n"}}
[debug] [2026-05-20T13:31:30.189Z] E0520 09:31:30.189562  308640 watch.go:40] Failed to load config from "c:\\Users\\cosma\\KaraImmo\\dataconnect": could not find dataconnect.yaml in `c:\Users\cosma\KaraImmo\dataconnect`
 {"metadata":{"emulator":{"name":"dataconnect"},"message":"E0520 09:31:30.189562  308640 watch.go:40] Failed to load config from \"c:\\\\Users\\\\cosma\\\\KaraImmo\\\\dataconnect\": could not find dataconnect.yaml in `c:\\Users\\cosma\\KaraImmo\\dataconnect`\n"}}
[debug] [2026-05-20T13:31:40.189Z] E0520 09:31:40.189458  308640 watch.go:116] watchAllDir unable to walk dir `c:\Users\cosma\KaraImmo\dataconnect`: GetFileAttributesEx c:\Users\cosma\KaraImmo\dataconnect: The system cannot find the file specified.
 {"metadata":{"emulator":{"name":"dataconnect"},"message":"E0520 09:31:40.189458  308640 watch.go:116] watchAllDir unable to walk dir `c:\\Users\\cosma\\KaraImmo\\dataconnect`: GetFileAttributesEx c:\\Users\\cosma\\KaraImmo\\dataconnect: The system cannot find the file specified.\n"}}
[debug] [2026-05-20T13:31:40.190Z] E0520 09:31:40.189909  308640 watch.go:40] Failed to load config from "c:\\Users\\cosma\\KaraImmo\\dataconnect": could not find dataconnect.yaml in `c:\Users\cosma\KaraImmo\dataconnect`
 {"metadata":{"emulator":{"name":"dataconnect"},"message":"E0520 09:31:40.189909  308640 watch.go:40] Failed to load config from \"c:\\\\Users\\\\cosma\\\\KaraImmo\\\\dataconnect\": could not find dataconnect.yaml in `c:\\Users\\cosma\\KaraImmo\\dataconnect`\n"}}
[debug] [2026-05-20T13:31:50.190Z] E0520 09:31:50.190433  308640 watch.go:40] Failed to load config from "c:\\Users\\cosma\\KaraImmo\\dataconnect": could not find dataconnect.yaml in `c:\Users\cosma\KaraImmo\dataconnect`
 {"metadata":{"emulator":{"name":"dataconnect"},"message":"E0520 09:31:50.190433  308640 watch.go:40] Failed to load config from \"c:\\\\Users\\\\cosma\\\\KaraImmo\\\\dataconnect\": could not find dataconnect.yaml in `c:\\Users\\cosma\\KaraImmo\\dataconnect`\n"}}
[debug] [2026-05-20T13:32:00.190Z] E0520 09:32:00.189665  308640 watch.go:40] Failed to load config from "c:\\Users\\cosma\\KaraImmo\\dataconnect": could not find dataconnect.yaml in `c:\Users\cosma\KaraImmo\dataconnect`
 {"metadata":{"emulator":{"name":"dataconnect"},"message":"E0520 09:32:00.189665  308640 watch.go:40] Failed to load config from \"c:\\\\Users\\\\cosma\\\\KaraImmo\\\\dataconnect\": could not find dataconnect.yaml in `c:\\Users\\cosma\\KaraImmo\\dataconnect`\n"}}
[debug] [2026-05-20T13:32:10.191Z] E0520 09:32:10.191001  308640 watch.go:40] Failed to load config from "c:\\Users\\cosma\\KaraImmo\\dataconnect": could not find dataconnect.yaml in `c:\Users\cosma\KaraImmo\dataconnect`
 {"metadata":{"emulator":{"name":"dataconnect"},"message":"E0520 09:32:10.191001  308640 watch.go:40] Failed to load config from \"c:\\\\Users\\\\cosma\\\\KaraImmo\\\\dataconnect\": could not find dataconnect.yaml in `c:\\Users\\cosma\\KaraImmo\\dataconnect`\n"}}
[debug] [2026-05-20T13:32:20.190Z] E0520 09:32:20.189865  308640 watch.go:40] Failed to load config from "c:\\Users\\cosma\\KaraImmo\\dataconnect": could not find dataconnect.yaml in `c:\Users\cosma\KaraImmo\dataconnect`
 {"metadata":{"emulator":{"name":"dataconnect"},"message":"E0520 09:32:20.189865  308640 watch.go:40] Failed to load config from \"c:\\\\Users\\\\cosma\\\\KaraImmo\\\\dataconnect\": could not find dataconnect.yaml in `c:\\Users\\cosma\\KaraImmo\\dataconnect`\n"}}
[debug] [2026-05-20T13:32:30.190Z] E0520 09:32:30.190075  308640 watch.go:40] Failed to load config from "c:\\Users\\cosma\\KaraImmo\\dataconnect": could not find dataconnect.yaml in `c:\Users\cosma\KaraImmo\dataconnect`
 {"metadata":{"emulator":{"name":"dataconnect"},"message":"E0520 09:32:30.190075  308640 watch.go:40] Failed to load config from \"c:\\\\Users\\\\cosma\\\\KaraImmo\\\\dataconnect\": could not find dataconnect.yaml in `c:\\Users\\cosma\\KaraImmo\\dataconnect`\n"}}
[debug] [2026-05-20T13:32:40.190Z] E0520 09:32:40.189690  308640 watch.go:116] watchAllDir unable to walk dir `c:\Users\cosma\KaraImmo\dataconnect`: GetFileAttributesEx c:\Users\cosma\KaraImmo\dataconnect: The system cannot find the file specified.
E0520 09:32:40.189690  308640 watch.go:40] Failed to load config from "c:\\Users\\cosma\\KaraImmo\\dataconnect": could not find dataconnect.yaml in `c:\Users\cosma\KaraImmo\dataconnect`
 {"metadata":{"emulator":{"name":"dataconnect"},"message":"E0520 09:32:40.189690  308640 watch.go:116] watchAllDir unable to walk dir `c:\\Users\\cosma\\KaraImmo\\dataconnect`: GetFileAttributesEx c:\\Users\\cosma\\KaraImmo\\dataconnect: The system cannot find the file specified.\nE0520 09:32:40.189690  308640 watch.go:40] Failed to load config from \"c:\\\\Users\\\\cosma\\\\KaraImmo\\\\dataconnect\": could not find dataconnect.yaml in `c:\\Users\\cosma\\KaraImmo\\dataconnect`\n"}}
[debug] [2026-05-20T13:32:50.190Z] E0520 09:32:50.189952  308640 watch.go:40] Failed to load config from "c:\\Users\\cosma\\KaraImmo\\dataconnect": could not find dataconnect.yaml in `c:\Users\cosma\KaraImmo\dataconnect`
 {"metadata":{"emulator":{"name":"dataconnect"},"message":"E0520 09:32:50.189952  308640 watch.go:40] Failed to load config from \"c:\\\\Users\\\\cosma\\\\KaraImmo\\\\dataconnect\": could not find dataconnect.yaml in `c:\\Users\\cosma\\KaraImmo\\dataconnect`\n"}}
[debug] [2026-05-20T13:33:00.190Z] E0520 09:33:00.189617  308640 watch.go:40] Failed to load config from "c:\\Users\\cosma\\KaraImmo\\dataconnect": could not find dataconnect.yaml in `c:\Users\cosma\KaraImmo\dataconnect`
 {"metadata":{"emulator":{"name":"dataconnect"},"message":"E0520 09:33:00.189617  308640 watch.go:40] Failed to load config from \"c:\\\\Users\\\\cosma\\\\KaraImmo\\\\dataconnect\": could not find dataconnect.yaml in `c:\\Users\\cosma\\KaraImmo\\dataconnect`\n"}}
[debug] [2026-05-20T13:33:10.190Z] E0520 09:33:10.190523  308640 watch.go:40] Failed to load config from "c:\\Users\\cosma\\KaraImmo\\dataconnect": could not find dataconnect.yaml in `c:\Users\cosma\KaraImmo\dataconnect`
 {"metadata":{"emulator":{"name":"dataconnect"},"message":"E0520 09:33:10.190523  308640 watch.go:40] Failed to load config from \"c:\\\\Users\\\\cosma\\\\KaraImmo\\\\dataconnect\": could not find dataconnect.yaml in `c:\\Users\\cosma\\KaraImmo\\dataconnect`\n"}}
[debug] [2026-05-20T13:33:20.190Z] E0520 09:33:20.190500  308640 watch.go:40] Failed to load config from "c:\\Users\\cosma\\KaraImmo\\dataconnect": could not find dataconnect.yaml in `c:\Users\cosma\KaraImmo\dataconnect`
 {"metadata":{"emulator":{"name":"dataconnect"},"message":"E0520 09:33:20.190500  308640 watch.go:40] Failed to load config from \"c:\\\\Users\\\\cosma\\\\KaraImmo\\\\dataconnect\": could not find dataconnect.yaml in `c:\\Users\\cosma\\KaraImmo\\dataconnect`\n"}}
[debug] [2026-05-20T13:33:30.190Z] E0520 09:33:30.190043  308640 watch.go:40] Failed to load config from "c:\\Users\\cosma\\KaraImmo\\dataconnect": could not find dataconnect.yaml in `c:\Users\cosma\KaraImmo\dataconnect`
 {"metadata":{"emulator":{"name":"dataconnect"},"message":"E0520 09:33:30.190043  308640 watch.go:40] Failed to load config from \"c:\\\\Users\\\\cosma\\\\KaraImmo\\\\dataconnect\": could not find dataconnect.yaml in `c:\\Users\\cosma\\KaraImmo\\dataconnect`\n"}}
[debug] [2026-05-20T13:33:40.190Z] E0520 09:33:40.189883  308640 watch.go:116] watchAllDir unable to walk dir `c:\Users\cosma\KaraImmo\dataconnect`: GetFileAttributesEx c:\Users\cosma\KaraImmo\dataconnect: The system cannot find the file specified.
 {"metadata":{"emulator":{"name":"dataconnect"},"message":"E0520 09:33:40.189883  308640 watch.go:116] watchAllDir unable to walk dir `c:\\Users\\cosma\\KaraImmo\\dataconnect`: GetFileAttributesEx c:\\Users\\cosma\\KaraImmo\\dataconnect: The system cannot find the file specified.\n"}}
[debug] [2026-05-20T13:33:40.191Z] E0520 09:33:40.189883  308640 watch.go:40] Failed to load config from "c:\\Users\\cosma\\KaraImmo\\dataconnect": could not find dataconnect.yaml in `c:\Users\cosma\KaraImmo\dataconnect`
 {"metadata":{"emulator":{"name":"dataconnect"},"message":"E0520 09:33:40.189883  308640 watch.go:40] Failed to load config from \"c:\\\\Users\\\\cosma\\\\KaraImmo\\\\dataconnect\": could not find dataconnect.yaml in `c:\\Users\\cosma\\KaraImmo\\dataconnect`\n"}}
[debug] [2026-05-20T13:33:50.189Z] E0520 09:33:50.190002  308640 watch.go:40] Failed to load config from "c:\\Users\\cosma\\KaraImmo\\dataconnect": could not find dataconnect.yaml in `c:\Users\cosma\KaraImmo\dataconnect`
 {"metadata":{"emulator":{"name":"dataconnect"},"message":"E0520 09:33:50.190002  308640 watch.go:40] Failed to load config from \"c:\\\\Users\\\\cosma\\\\KaraImmo\\\\dataconnect\": could not find dataconnect.yaml in `c:\\Users\\cosma\\KaraImmo\\dataconnect`\n"}}
[debug] [2026-05-20T13:34:00.191Z] E0520 09:34:00.191623  308640 watch.go:40] Failed to load config from "c:\\Users\\cosma\\KaraImmo\\dataconnect": could not find dataconnect.yaml in `c:\Users\cosma\KaraImmo\dataconnect`
 {"metadata":{"emulator":{"name":"dataconnect"},"message":"E0520 09:34:00.191623  308640 watch.go:40] Failed to load config from \"c:\\\\Users\\\\cosma\\\\KaraImmo\\\\dataconnect\": could not find dataconnect.yaml in `c:\\Users\\cosma\\KaraImmo\\dataconnect`\n"}}
[debug] [2026-05-20T13:34:10.189Z] E0520 09:34:10.189644  308640 watch.go:40] Failed to load config from "c:\\Users\\cosma\\KaraImmo\\dataconnect": could not find dataconnect.yaml in `c:\Users\cosma\KaraImmo\dataconnect`
 {"metadata":{"emulator":{"name":"dataconnect"},"message":"E0520 09:34:10.189644  308640 watch.go:40] Failed to load config from \"c:\\\\Users\\\\cosma\\\\KaraImmo\\\\dataconnect\": could not find dataconnect.yaml in `c:\\Users\\cosma\\KaraImmo\\dataconnect`\n"}}
[debug] [2026-05-20T13:34:20.190Z] E0520 09:34:20.190488  308640 watch.go:40] Failed to load config from "c:\\Users\\cosma\\KaraImmo\\dataconnect": could not find dataconnect.yaml in `c:\Users\cosma\KaraImmo\dataconnect`
 {"metadata":{"emulator":{"name":"dataconnect"},"message":"E0520 09:34:20.190488  308640 watch.go:40] Failed to load config from \"c:\\\\Users\\\\cosma\\\\KaraImmo\\\\dataconnect\": could not find dataconnect.yaml in `c:\\Users\\cosma\\KaraImmo\\dataconnect`\n"}}
[debug] [2026-05-20T13:34:30.189Z] E0520 09:34:30.189631  308640 watch.go:40] Failed to load config from "c:\\Users\\cosma\\KaraImmo\\dataconnect": could not find dataconnect.yaml in `c:\Users\cosma\KaraImmo\dataconnect`
 {"metadata":{"emulator":{"name":"dataconnect"},"message":"E0520 09:34:30.189631  308640 watch.go:40] Failed to load config from \"c:\\\\Users\\\\cosma\\\\KaraImmo\\\\dataconnect\": could not find dataconnect.yaml in `c:\\Users\\cosma\\KaraImmo\\dataconnect`\n"}}
[debug] [2026-05-20T13:34:40.189Z] E0520 09:34:40.189818  308640 watch.go:116] watchAllDir unable to walk dir `c:\Users\cosma\KaraImmo\dataconnect`: GetFileAttributesEx c:\Users\cosma\KaraImmo\dataconnect: The system cannot find the file specified.
 {"metadata":{"emulator":{"name":"dataconnect"},"message":"E0520 09:34:40.189818  308640 watch.go:116] watchAllDir unable to walk dir `c:\\Users\\cosma\\KaraImmo\\dataconnect`: GetFileAttributesEx c:\\Users\\cosma\\KaraImmo\\dataconnect: The system cannot find the file specified.\n"}}
[debug] [2026-05-20T13:34:40.191Z] E0520 09:34:40.191330  308640 watch.go:40] Failed to load config from "c:\\Users\\cosma\\KaraImmo\\dataconnect": could not find dataconnect.yaml in `c:\Users\cosma\KaraImmo\dataconnect`
 {"metadata":{"emulator":{"name":"dataconnect"},"message":"E0520 09:34:40.191330  308640 watch.go:40] Failed to load config from \"c:\\\\Users\\\\cosma\\\\KaraImmo\\\\dataconnect\": could not find dataconnect.yaml in `c:\\Users\\cosma\\KaraImmo\\dataconnect`\n"}}
[debug] [2026-05-20T13:34:50.190Z] E0520 09:34:50.190155  308640 watch.go:40] Failed to load config from "c:\\Users\\cosma\\KaraImmo\\dataconnect": could not find dataconnect.yaml in `c:\Users\cosma\KaraImmo\dataconnect`
 {"metadata":{"emulator":{"name":"dataconnect"},"message":"E0520 09:34:50.190155  308640 watch.go:40] Failed to load config from \"c:\\\\Users\\\\cosma\\\\KaraImmo\\\\dataconnect\": could not find dataconnect.yaml in `c:\\Users\\cosma\\KaraImmo\\dataconnect`\n"}}
[debug] [2026-05-20T13:35:00.190Z] E0520 09:35:00.190069  308640 watch.go:40] Failed to load config from "c:\\Users\\cosma\\KaraImmo\\dataconnect": could not find dataconnect.yaml in `c:\Users\cosma\KaraImmo\dataconnect`
 {"metadata":{"emulator":{"name":"dataconnect"},"message":"E0520 09:35:00.190069  308640 watch.go:40] Failed to load config from \"c:\\\\Users\\\\cosma\\\\KaraImmo\\\\dataconnect\": could not find dataconnect.yaml in `c:\\Users\\cosma\\KaraImmo\\dataconnect`\n"}}
[debug] [2026-05-20T13:35:10.190Z] E0520 09:35:10.189692  308640 watch.go:40] Failed to load config from "c:\\Users\\cosma\\KaraImmo\\dataconnect": could not find dataconnect.yaml in `c:\Users\cosma\KaraImmo\dataconnect`
 {"metadata":{"emulator":{"name":"dataconnect"},"message":"E0520 09:35:10.189692  308640 watch.go:40] Failed to load config from \"c:\\\\Users\\\\cosma\\\\KaraImmo\\\\dataconnect\": could not find dataconnect.yaml in `c:\\Users\\cosma\\KaraImmo\\dataconnect`\n"}}
[debug] [2026-05-20T13:35:20.190Z] E0520 09:35:20.190024  308640 watch.go:40] Failed to load config from "c:\\Users\\cosma\\KaraImmo\\dataconnect": could not find dataconnect.yaml in `c:\Users\cosma\KaraImmo\dataconnect`
 {"metadata":{"emulator":{"name":"dataconnect"},"message":"E0520 09:35:20.190024  308640 watch.go:40] Failed to load config from \"c:\\\\Users\\\\cosma\\\\KaraImmo\\\\dataconnect\": could not find dataconnect.yaml in `c:\\Users\\cosma\\KaraImmo\\dataconnect`\n"}}
[debug] [2026-05-20T13:35:30.190Z] E0520 09:35:30.189824  308640 watch.go:40] Failed to load config from "c:\\Users\\cosma\\KaraImmo\\dataconnect": could not find dataconnect.yaml in `c:\Users\cosma\KaraImmo\dataconnect`
 {"metadata":{"emulator":{"name":"dataconnect"},"message":"E0520 09:35:30.189824  308640 watch.go:40] Failed to load config from \"c:\\\\Users\\\\cosma\\\\KaraImmo\\\\dataconnect\": could not find dataconnect.yaml in `c:\\Users\\cosma\\KaraImmo\\dataconnect`\n"}}
[debug] [2026-05-20T13:35:40.191Z] E0520 09:35:40.191046  308640 watch.go:116] watchAllDir unable to walk dir `c:\Users\cosma\KaraImmo\dataconnect`: GetFileAttributesEx c:\Users\cosma\KaraImmo\dataconnect: The system cannot find the file specified.
 {"metadata":{"emulator":{"name":"dataconnect"},"message":"E0520 09:35:40.191046  308640 watch.go:116] watchAllDir unable to walk dir `c:\\Users\\cosma\\KaraImmo\\dataconnect`: GetFileAttributesEx c:\\Users\\cosma\\KaraImmo\\dataconnect: The system cannot find the file specified.\n"}}
[debug] [2026-05-20T13:35:40.193Z] E0520 09:35:40.192381  308640 watch.go:40] Failed to load config from "c:\\Users\\cosma\\KaraImmo\\dataconnect": could not find dataconnect.yaml in `c:\Users\cosma\KaraImmo\dataconnect`
 {"metadata":{"emulator":{"name":"dataconnect"},"message":"E0520 09:35:40.192381  308640 watch.go:40] Failed to load config from \"c:\\\\Users\\\\cosma\\\\KaraImmo\\\\dataconnect\": could not find dataconnect.yaml in `c:\\Users\\cosma\\KaraImmo\\dataconnect`\n"}}
[debug] [2026-05-20T13:35:50.194Z] E0520 09:35:50.194325  308640 watch.go:40] Failed to load config from "c:\\Users\\cosma\\KaraImmo\\dataconnect": could not find dataconnect.yaml in `c:\Users\cosma\KaraImmo\dataconnect`
 {"metadata":{"emulator":{"name":"dataconnect"},"message":"E0520 09:35:50.194325  308640 watch.go:40] Failed to load config from \"c:\\\\Users\\\\cosma\\\\KaraImmo\\\\dataconnect\": could not find dataconnect.yaml in `c:\\Users\\cosma\\KaraImmo\\dataconnect`\n"}}
[debug] [2026-05-20T13:36:00.190Z] E0520 09:36:00.190440  308640 watch.go:40] Failed to load config from "c:\\Users\\cosma\\KaraImmo\\dataconnect": could not find dataconnect.yaml in `c:\Users\cosma\KaraImmo\dataconnect`
 {"metadata":{"emulator":{"name":"dataconnect"},"message":"E0520 09:36:00.190440  308640 watch.go:40] Failed to load config from \"c:\\\\Users\\\\cosma\\\\KaraImmo\\\\dataconnect\": could not find dataconnect.yaml in `c:\\Users\\cosma\\KaraImmo\\dataconnect`\n"}}
[debug] [2026-05-20T13:36:10.189Z] E0520 09:36:10.189969  308640 watch.go:40] Failed to load config from "c:\\Users\\cosma\\KaraImmo\\dataconnect": could not find dataconnect.yaml in `c:\Users\cosma\KaraImmo\dataconnect`
 {"metadata":{"emulator":{"name":"dataconnect"},"message":"E0520 09:36:10.189969  308640 watch.go:40] Failed to load config from \"c:\\\\Users\\\\cosma\\\\KaraImmo\\\\dataconnect\": could not find dataconnect.yaml in `c:\\Users\\cosma\\KaraImmo\\dataconnect`\n"}}
[debug] [2026-05-20T13:36:20.205Z] E0520 09:36:20.206079  308640 watch.go:40] Failed to load config from "c:\\Users\\cosma\\KaraImmo\\dataconnect": could not find dataconnect.yaml in `c:\Users\cosma\KaraImmo\dataconnect`
 {"metadata":{"emulator":{"name":"dataconnect"},"message":"E0520 09:36:20.206079  308640 watch.go:40] Failed to load config from \"c:\\\\Users\\\\cosma\\\\KaraImmo\\\\dataconnect\": could not find dataconnect.yaml in `c:\\Users\\cosma\\KaraImmo\\dataconnect`\n"}}
[debug] [2026-05-20T13:36:30.190Z] E0520 09:36:30.190493  308640 watch.go:40] Failed to load config from "c:\\Users\\cosma\\KaraImmo\\dataconnect": could not find dataconnect.yaml in `c:\Users\cosma\KaraImmo\dataconnect`
 {"metadata":{"emulator":{"name":"dataconnect"},"message":"E0520 09:36:30.190493  308640 watch.go:40] Failed to load config from \"c:\\\\Users\\\\cosma\\\\KaraImmo\\\\dataconnect\": could not find dataconnect.yaml in `c:\\Users\\cosma\\KaraImmo\\dataconnect`\n"}}
[debug] [2026-05-20T13:36:40.189Z] E0520 09:36:40.189568  308640 watch.go:116] watchAllDir unable to walk dir `c:\Users\cosma\KaraImmo\dataconnect`: GetFileAttributesEx c:\Users\cosma\KaraImmo\dataconnect: The system cannot find the file specified.
 {"metadata":{"emulator":{"name":"dataconnect"},"message":"E0520 09:36:40.189568  308640 watch.go:116] watchAllDir unable to walk dir `c:\\Users\\cosma\\KaraImmo\\dataconnect`: GetFileAttributesEx c:\\Users\\cosma\\KaraImmo\\dataconnect: The system cannot find the file specified.\n"}}
[debug] [2026-05-20T13:36:40.190Z] E0520 09:36:40.189568  308640 watch.go:40] Failed to load config from "c:\\Users\\cosma\\KaraImmo\\dataconnect": could not find dataconnect.yaml in `c:\Users\cosma\KaraImmo\dataconnect`
 {"metadata":{"emulator":{"name":"dataconnect"},"message":"E0520 09:36:40.189568  308640 watch.go:40] Failed to load config from \"c:\\\\Users\\\\cosma\\\\KaraImmo\\\\dataconnect\": could not find dataconnect.yaml in `c:\\Users\\cosma\\KaraImmo\\dataconnect`\n"}}
[debug] [2026-05-20T13:36:50.190Z] E0520 09:36:50.190337  308640 watch.go:40] Failed to load config from "c:\\Users\\cosma\\KaraImmo\\dataconnect": could not find dataconnect.yaml in `c:\Users\cosma\KaraImmo\dataconnect`
 {"metadata":{"emulator":{"name":"dataconnect"},"message":"E0520 09:36:50.190337  308640 watch.go:40] Failed to load config from \"c:\\\\Users\\\\cosma\\\\KaraImmo\\\\dataconnect\": could not find dataconnect.yaml in `c:\\Users\\cosma\\KaraImmo\\dataconnect`\n"}}
[debug] [2026-05-20T13:37:00.190Z] E0520 09:37:00.190280  308640 watch.go:40] Failed to load config from "c:\\Users\\cosma\\KaraImmo\\dataconnect": could not find dataconnect.yaml in `c:\Users\cosma\KaraImmo\dataconnect`
 {"metadata":{"emulator":{"name":"dataconnect"},"message":"E0520 09:37:00.190280  308640 watch.go:40] Failed to load config from \"c:\\\\Users\\\\cosma\\\\KaraImmo\\\\dataconnect\": could not find dataconnect.yaml in `c:\\Users\\cosma\\KaraImmo\\dataconnect`\n"}}
[debug] [2026-05-20T13:37:10.190Z] E0520 09:37:10.190277  308640 watch.go:40] Failed to load config from "c:\\Users\\cosma\\KaraImmo\\dataconnect": could not find dataconnect.yaml in `c:\Users\cosma\KaraImmo\dataconnect`
 {"metadata":{"emulator":{"name":"dataconnect"},"message":"E0520 09:37:10.190277  308640 watch.go:40] Failed to load config from \"c:\\\\Users\\\\cosma\\\\KaraImmo\\\\dataconnect\": could not find dataconnect.yaml in `c:\\Users\\cosma\\KaraImmo\\dataconnect`\n"}}
[debug] [2026-05-20T13:37:20.190Z] E0520 09:37:20.189974  308640 watch.go:40] Failed to load config from "c:\\Users\\cosma\\KaraImmo\\dataconnect": could not find dataconnect.yaml in `c:\Users\cosma\KaraImmo\dataconnect`
 {"metadata":{"emulator":{"name":"dataconnect"},"message":"E0520 09:37:20.189974  308640 watch.go:40] Failed to load config from \"c:\\\\Users\\\\cosma\\\\KaraImmo\\\\dataconnect\": could not find dataconnect.yaml in `c:\\Users\\cosma\\KaraImmo\\dataconnect`\n"}}
[debug] [2026-05-20T13:37:30.190Z] E0520 09:37:30.189716  308640 watch.go:40] Failed to load config from "c:\\Users\\cosma\\KaraImmo\\dataconnect": could not find dataconnect.yaml in `c:\Users\cosma\KaraImmo\dataconnect`
 {"metadata":{"emulator":{"name":"dataconnect"},"message":"E0520 09:37:30.189716  308640 watch.go:40] Failed to load config from \"c:\\\\Users\\\\cosma\\\\KaraImmo\\\\dataconnect\": could not find dataconnect.yaml in `c:\\Users\\cosma\\KaraImmo\\dataconnect`\n"}}
[debug] [2026-05-20T13:37:40.190Z] E0520 09:37:40.189841  308640 watch.go:116] watchAllDir unable to walk dir `c:\Users\cosma\KaraImmo\dataconnect`: GetFileAttributesEx c:\Users\cosma\KaraImmo\dataconnect: The system cannot find the file specified.
E0520 09:37:40.189841  308640 watch.go:40] Failed to load config from "c:\\Users\\cosma\\KaraImmo\\dataconnect": could not find dataconnect.yaml in `c:\Users\cosma\KaraImmo\dataconnect`
 {"metadata":{"emulator":{"name":"dataconnect"},"message":"E0520 09:37:40.189841  308640 watch.go:116] watchAllDir unable to walk dir `c:\\Users\\cosma\\KaraImmo\\dataconnect`: GetFileAttributesEx c:\\Users\\cosma\\KaraImmo\\dataconnect: The system cannot find the file specified.\nE0520 09:37:40.189841  308640 watch.go:40] Failed to load config from \"c:\\\\Users\\\\cosma\\\\KaraImmo\\\\dataconnect\": could not find dataconnect.yaml in `c:\\Users\\cosma\\KaraImmo\\dataconnect`\n"}}
[debug] [2026-05-20T13:37:50.203Z] E0520 09:37:50.202635  308640 watch.go:40] Failed to load config from "c:\\Users\\cosma\\KaraImmo\\dataconnect": could not find dataconnect.yaml in `c:\Users\cosma\KaraImmo\dataconnect`
 {"metadata":{"emulator":{"name":"dataconnect"},"message":"E0520 09:37:50.202635  308640 watch.go:40] Failed to load config from \"c:\\\\Users\\\\cosma\\\\KaraImmo\\\\dataconnect\": could not find dataconnect.yaml in `c:\\Users\\cosma\\KaraImmo\\dataconnect`\n"}}
[debug] [2026-05-20T13:38:00.193Z] E0520 09:38:00.193397  308640 watch.go:40] Failed to load config from "c:\\Users\\cosma\\KaraImmo\\dataconnect": could not find dataconnect.yaml in `c:\Users\cosma\KaraImmo\dataconnect`
 {"metadata":{"emulator":{"name":"dataconnect"},"message":"E0520 09:38:00.193397  308640 watch.go:40] Failed to load config from \"c:\\\\Users\\\\cosma\\\\KaraImmo\\\\dataconnect\": could not find dataconnect.yaml in `c:\\Users\\cosma\\KaraImmo\\dataconnect`\n"}}
[debug] [2026-05-20T13:38:10.189Z] E0520 09:38:10.189806  308640 watch.go:40] Failed to load config from "c:\\Users\\cosma\\KaraImmo\\dataconnect": could not find dataconnect.yaml in `c:\Users\cosma\KaraImmo\dataconnect`
 {"metadata":{"emulator":{"name":"dataconnect"},"message":"E0520 09:38:10.189806  308640 watch.go:40] Failed to load config from \"c:\\\\Users\\\\cosma\\\\KaraImmo\\\\dataconnect\": could not find dataconnect.yaml in `c:\\Users\\cosma\\KaraImmo\\dataconnect`\n"}}
[debug] [2026-05-20T13:38:20.189Z] E0520 09:38:20.189551  308640 watch.go:40] Failed to load config from "c:\\Users\\cosma\\KaraImmo\\dataconnect": could not find dataconnect.yaml in `c:\Users\cosma\KaraImmo\dataconnect`
 {"metadata":{"emulator":{"name":"dataconnect"},"message":"E0520 09:38:20.189551  308640 watch.go:40] Failed to load config from \"c:\\\\Users\\\\cosma\\\\KaraImmo\\\\dataconnect\": could not find dataconnect.yaml in `c:\\Users\\cosma\\KaraImmo\\dataconnect`\n"}}
[debug] [2026-05-20T13:38:30.191Z] E0520 09:38:30.191258  308640 watch.go:40] Failed to load config from "c:\\Users\\cosma\\KaraImmo\\dataconnect": could not find dataconnect.yaml in `c:\Users\cosma\KaraImmo\dataconnect`
 {"metadata":{"emulator":{"name":"dataconnect"},"message":"E0520 09:38:30.191258  308640 watch.go:40] Failed to load config from \"c:\\\\Users\\\\cosma\\\\KaraImmo\\\\dataconnect\": could not find dataconnect.yaml in `c:\\Users\\cosma\\KaraImmo\\dataconnect`\n"}}
[debug] [2026-05-20T13:38:40.189Z] E0520 09:38:40.189697  308640 watch.go:116] watchAllDir unable to walk dir `c:\Users\cosma\KaraImmo\dataconnect`: GetFileAttributesEx c:\Users\cosma\KaraImmo\dataconnect: The system cannot find the file specified.
 {"metadata":{"emulator":{"name":"dataconnect"},"message":"E0520 09:38:40.189697  308640 watch.go:116] watchAllDir unable to walk dir `c:\\Users\\cosma\\KaraImmo\\dataconnect`: GetFileAttributesEx c:\\Users\\cosma\\KaraImmo\\dataconnect: The system cannot find the file specified.\n"}}
[debug] [2026-05-20T13:38:40.190Z] E0520 09:38:40.189697  308640 watch.go:40] Failed to load config from "c:\\Users\\cosma\\KaraImmo\\dataconnect": could not find dataconnect.yaml in `c:\Users\cosma\KaraImmo\dataconnect`
 {"metadata":{"emulator":{"name":"dataconnect"},"message":"E0520 09:38:40.189697  308640 watch.go:40] Failed to load config from \"c:\\\\Users\\\\cosma\\\\KaraImmo\\\\dataconnect\": could not find dataconnect.yaml in `c:\\Users\\cosma\\KaraImmo\\dataconnect`\n"}}
[debug] [2026-05-20T13:38:50.193Z] E0520 09:38:50.193641  308640 watch.go:40] Failed to load config from "c:\\Users\\cosma\\KaraImmo\\dataconnect": could not find dataconnect.yaml in `c:\Users\cosma\KaraImmo\dataconnect`
 {"metadata":{"emulator":{"name":"dataconnect"},"message":"E0520 09:38:50.193641  308640 watch.go:40] Failed to load config from \"c:\\\\Users\\\\cosma\\\\KaraImmo\\\\dataconnect\": could not find dataconnect.yaml in `c:\\Users\\cosma\\KaraImmo\\dataconnect`\n"}}
[debug] [2026-05-20T13:39:00.189Z] E0520 09:39:00.189749  308640 watch.go:40] Failed to load config from "c:\\Users\\cosma\\KaraImmo\\dataconnect": could not find dataconnect.yaml in `c:\Users\cosma\KaraImmo\dataconnect`
 {"metadata":{"emulator":{"name":"dataconnect"},"message":"E0520 09:39:00.189749  308640 watch.go:40] Failed to load config from \"c:\\\\Users\\\\cosma\\\\KaraImmo\\\\dataconnect\": could not find dataconnect.yaml in `c:\\Users\\cosma\\KaraImmo\\dataconnect`\n"}}
[debug] [2026-05-20T13:39:10.189Z] E0520 09:39:10.189814  308640 watch.go:40] Failed to load config from "c:\\Users\\cosma\\KaraImmo\\dataconnect": could not find dataconnect.yaml in `c:\Users\cosma\KaraImmo\dataconnect`
 {"metadata":{"emulator":{"name":"dataconnect"},"message":"E0520 09:39:10.189814  308640 watch.go:40] Failed to load config from \"c:\\\\Users\\\\cosma\\\\KaraImmo\\\\dataconnect\": could not find dataconnect.yaml in `c:\\Users\\cosma\\KaraImmo\\dataconnect`\n"}}
[debug] [2026-05-20T13:39:20.190Z] E0520 09:39:20.190077  308640 watch.go:40] Failed to load config from "c:\\Users\\cosma\\KaraImmo\\dataconnect": could not find dataconnect.yaml in `c:\Users\cosma\KaraImmo\dataconnect`
 {"metadata":{"emulator":{"name":"dataconnect"},"message":"E0520 09:39:20.190077  308640 watch.go:40] Failed to load config from \"c:\\\\Users\\\\cosma\\\\KaraImmo\\\\dataconnect\": could not find dataconnect.yaml in `c:\\Users\\cosma\\KaraImmo\\dataconnect`\n"}}
[debug] [2026-05-20T13:39:30.189Z] E0520 09:39:30.189640  308640 watch.go:40] Failed to load config from "c:\\Users\\cosma\\KaraImmo\\dataconnect": could not find dataconnect.yaml in `c:\Users\cosma\KaraImmo\dataconnect`
 {"metadata":{"emulator":{"name":"dataconnect"},"message":"E0520 09:39:30.189640  308640 watch.go:40] Failed to load config from \"c:\\\\Users\\\\cosma\\\\KaraImmo\\\\dataconnect\": could not find dataconnect.yaml in `c:\\Users\\cosma\\KaraImmo\\dataconnect`\n"}}
[debug] [2026-05-20T13:39:40.190Z] E0520 09:39:40.190391  308640 watch.go:116] watchAllDir unable to walk dir `c:\Users\cosma\KaraImmo\dataconnect`: GetFileAttributesEx c:\Users\cosma\KaraImmo\dataconnect: The system cannot find the file specified.
 {"metadata":{"emulator":{"name":"dataconnect"},"message":"E0520 09:39:40.190391  308640 watch.go:116] watchAllDir unable to walk dir `c:\\Users\\cosma\\KaraImmo\\dataconnect`: GetFileAttributesEx c:\\Users\\cosma\\KaraImmo\\dataconnect: The system cannot find the file specified.\n"}}
[debug] [2026-05-20T13:39:40.191Z] E0520 09:39:40.190391  308640 watch.go:40] Failed to load config from "c:\\Users\\cosma\\KaraImmo\\dataconnect": could not find dataconnect.yaml in `c:\Users\cosma\KaraImmo\dataconnect`
 {"metadata":{"emulator":{"name":"dataconnect"},"message":"E0520 09:39:40.190391  308640 watch.go:40] Failed to load config from \"c:\\\\Users\\\\cosma\\\\KaraImmo\\\\dataconnect\": could not find dataconnect.yaml in `c:\\Users\\cosma\\KaraImmo\\dataconnect`\n"}}
[debug] [2026-05-20T13:39:50.190Z] E0520 09:39:50.190069  308640 watch.go:40] Failed to load config from "c:\\Users\\cosma\\KaraImmo\\dataconnect": could not find dataconnect.yaml in `c:\Users\cosma\KaraImmo\dataconnect`
 {"metadata":{"emulator":{"name":"dataconnect"},"message":"E0520 09:39:50.190069  308640 watch.go:40] Failed to load config from \"c:\\\\Users\\\\cosma\\\\KaraImmo\\\\dataconnect\": could not find dataconnect.yaml in `c:\\Users\\cosma\\KaraImmo\\dataconnect`\n"}}
[debug] [2026-05-20T13:40:00.190Z] E0520 09:40:00.190752  308640 watch.go:40] Failed to load config from "c:\\Users\\cosma\\KaraImmo\\dataconnect": could not find dataconnect.yaml in `c:\Users\cosma\KaraImmo\dataconnect`
 {"metadata":{"emulator":{"name":"dataconnect"},"message":"E0520 09:40:00.190752  308640 watch.go:40] Failed to load config from \"c:\\\\Users\\\\cosma\\\\KaraImmo\\\\dataconnect\": could not find dataconnect.yaml in `c:\\Users\\cosma\\KaraImmo\\dataconnect`\n"}}
[debug] [2026-05-20T13:40:10.189Z] E0520 09:40:10.190023  308640 watch.go:40] Failed to load config from "c:\\Users\\cosma\\KaraImmo\\dataconnect": could not find dataconnect.yaml in `c:\Users\cosma\KaraImmo\dataconnect`
 {"metadata":{"emulator":{"name":"dataconnect"},"message":"E0520 09:40:10.190023  308640 watch.go:40] Failed to load config from \"c:\\\\Users\\\\cosma\\\\KaraImmo\\\\dataconnect\": could not find dataconnect.yaml in `c:\\Users\\cosma\\KaraImmo\\dataconnect`\n"}}
[debug] [2026-05-20T13:40:20.189Z] E0520 09:40:20.189854  308640 watch.go:40] Failed to load config from "c:\\Users\\cosma\\KaraImmo\\dataconnect": could not find dataconnect.yaml in `c:\Users\cosma\KaraImmo\dataconnect`
 {"metadata":{"emulator":{"name":"dataconnect"},"message":"E0520 09:40:20.189854  308640 watch.go:40] Failed to load config from \"c:\\\\Users\\\\cosma\\\\KaraImmo\\\\dataconnect\": could not find dataconnect.yaml in `c:\\Users\\cosma\\KaraImmo\\dataconnect`\n"}}
[debug] [2026-05-20T13:40:30.190Z] E0520 09:40:30.190754  308640 watch.go:40] Failed to load config from "c:\\Users\\cosma\\KaraImmo\\dataconnect": could not find dataconnect.yaml in `c:\Users\cosma\KaraImmo\dataconnect`
 {"metadata":{"emulator":{"name":"dataconnect"},"message":"E0520 09:40:30.190754  308640 watch.go:40] Failed to load config from \"c:\\\\Users\\\\cosma\\\\KaraImmo\\\\dataconnect\": could not find dataconnect.yaml in `c:\\Users\\cosma\\KaraImmo\\dataconnect`\n"}}
[debug] [2026-05-20T13:40:40.189Z] E0520 09:40:40.189817  308640 watch.go:116] watchAllDir unable to walk dir `c:\Users\cosma\KaraImmo\dataconnect`: GetFileAttributesEx c:\Users\cosma\KaraImmo\dataconnect: The system cannot find the file specified.
 {"metadata":{"emulator":{"name":"dataconnect"},"message":"E0520 09:40:40.189817  308640 watch.go:116] watchAllDir unable to walk dir `c:\\Users\\cosma\\KaraImmo\\dataconnect`: GetFileAttributesEx c:\\Users\\cosma\\KaraImmo\\dataconnect: The system cannot find the file specified.\n"}}
[debug] [2026-05-20T13:40:40.190Z] E0520 09:40:40.190182  308640 watch.go:40] Failed to load config from "c:\\Users\\cosma\\KaraImmo\\dataconnect": could not find dataconnect.yaml in `c:\Users\cosma\KaraImmo\dataconnect`
 {"metadata":{"emulator":{"name":"dataconnect"},"message":"E0520 09:40:40.190182  308640 watch.go:40] Failed to load config from \"c:\\\\Users\\\\cosma\\\\KaraImmo\\\\dataconnect\": could not find dataconnect.yaml in `c:\\Users\\cosma\\KaraImmo\\dataconnect`\n"}}
[debug] [2026-05-20T13:40:50.190Z] E0520 09:40:50.189727  308640 watch.go:40] Failed to load config from "c:\\Users\\cosma\\KaraImmo\\dataconnect": could not find dataconnect.yaml in `c:\Users\cosma\KaraImmo\dataconnect`
 {"metadata":{"emulator":{"name":"dataconnect"},"message":"E0520 09:40:50.189727  308640 watch.go:40] Failed to load config from \"c:\\\\Users\\\\cosma\\\\KaraImmo\\\\dataconnect\": could not find dataconnect.yaml in `c:\\Users\\cosma\\KaraImmo\\dataconnect`\n"}}
[debug] [2026-05-20T13:41:00.191Z] E0520 09:41:00.191233  308640 watch.go:40] Failed to load config from "c:\\Users\\cosma\\KaraImmo\\dataconnect": could not find dataconnect.yaml in `c:\Users\cosma\KaraImmo\dataconnect`
 {"metadata":{"emulator":{"name":"dataconnect"},"message":"E0520 09:41:00.191233  308640 watch.go:40] Failed to load config from \"c:\\\\Users\\\\cosma\\\\KaraImmo\\\\dataconnect\": could not find dataconnect.yaml in `c:\\Users\\cosma\\KaraImmo\\dataconnect`\n"}}
[debug] [2026-05-20T13:41:10.190Z] E0520 09:41:10.190248  308640 watch.go:40] Failed to load config from "c:\\Users\\cosma\\KaraImmo\\dataconnect": could not find dataconnect.yaml in `c:\Users\cosma\KaraImmo\dataconnect`
 {"metadata":{"emulator":{"name":"dataconnect"},"message":"E0520 09:41:10.190248  308640 watch.go:40] Failed to load config from \"c:\\\\Users\\\\cosma\\\\KaraImmo\\\\dataconnect\": could not find dataconnect.yaml in `c:\\Users\\cosma\\KaraImmo\\dataconnect`\n"}}
[debug] [2026-05-20T13:41:20.190Z] E0520 09:41:20.190011  308640 watch.go:40] Failed to load config from "c:\\Users\\cosma\\KaraImmo\\dataconnect": could not find dataconnect.yaml in `c:\Users\cosma\KaraImmo\dataconnect`
 {"metadata":{"emulator":{"name":"dataconnect"},"message":"E0520 09:41:20.190011  308640 watch.go:40] Failed to load config from \"c:\\\\Users\\\\cosma\\\\KaraImmo\\\\dataconnect\": could not find dataconnect.yaml in `c:\\Users\\cosma\\KaraImmo\\dataconnect`\n"}}
[debug] [2026-05-20T13:41:30.191Z] E0520 09:41:30.190805  308640 watch.go:40] Failed to load config from "c:\\Users\\cosma\\KaraImmo\\dataconnect": could not find dataconnect.yaml in `c:\Users\cosma\KaraImmo\dataconnect`
 {"metadata":{"emulator":{"name":"dataconnect"},"message":"E0520 09:41:30.190805  308640 watch.go:40] Failed to load config from \"c:\\\\Users\\\\cosma\\\\KaraImmo\\\\dataconnect\": could not find dataconnect.yaml in `c:\\Users\\cosma\\KaraImmo\\dataconnect`\n"}}
[debug] [2026-05-20T13:41:40.190Z] E0520 09:41:40.189478  308640 watch.go:116] watchAllDir unable to walk dir `c:\Users\cosma\KaraImmo\dataconnect`: GetFileAttributesEx c:\Users\cosma\KaraImmo\dataconnect: The system cannot find the file specified.
 {"metadata":{"emulator":{"name":"dataconnect"},"message":"E0520 09:41:40.189478  308640 watch.go:116] watchAllDir unable to walk dir `c:\\Users\\cosma\\KaraImmo\\dataconnect`: GetFileAttributesEx c:\\Users\\cosma\\KaraImmo\\dataconnect: The system cannot find the file specified.\n"}}
[debug] [2026-05-20T13:41:40.191Z] E0520 09:41:40.190551  308640 watch.go:40] Failed to load config from "c:\\Users\\cosma\\KaraImmo\\dataconnect": could not find dataconnect.yaml in `c:\Users\cosma\KaraImmo\dataconnect`
 {"metadata":{"emulator":{"name":"dataconnect"},"message":"E0520 09:41:40.190551  308640 watch.go:40] Failed to load config from \"c:\\\\Users\\\\cosma\\\\KaraImmo\\\\dataconnect\": could not find dataconnect.yaml in `c:\\Users\\cosma\\KaraImmo\\dataconnect`\n"}}
[debug] [2026-05-20T13:41:50.190Z] E0520 09:41:50.190505  308640 watch.go:40] Failed to load config from "c:\\Users\\cosma\\KaraImmo\\dataconnect": could not find dataconnect.yaml in `c:\Users\cosma\KaraImmo\dataconnect`
 {"metadata":{"emulator":{"name":"dataconnect"},"message":"E0520 09:41:50.190505  308640 watch.go:40] Failed to load config from \"c:\\\\Users\\\\cosma\\\\KaraImmo\\\\dataconnect\": could not find dataconnect.yaml in `c:\\Users\\cosma\\KaraImmo\\dataconnect`\n"}}
[debug] [2026-05-20T13:42:00.190Z] E0520 09:42:00.189750  308640 watch.go:40] Failed to load config from "c:\\Users\\cosma\\KaraImmo\\dataconnect": could not find dataconnect.yaml in `c:\Users\cosma\KaraImmo\dataconnect`
 {"metadata":{"emulator":{"name":"dataconnect"},"message":"E0520 09:42:00.189750  308640 watch.go:40] Failed to load config from \"c:\\\\Users\\\\cosma\\\\KaraImmo\\\\dataconnect\": could not find dataconnect.yaml in `c:\\Users\\cosma\\KaraImmo\\dataconnect`\n"}}
[debug] [2026-05-20T13:42:10.189Z] E0520 09:42:10.189732  308640 watch.go:40] Failed to load config from "c:\\Users\\cosma\\KaraImmo\\dataconnect": could not find dataconnect.yaml in `c:\Users\cosma\KaraImmo\dataconnect`
 {"metadata":{"emulator":{"name":"dataconnect"},"message":"E0520 09:42:10.189732  308640 watch.go:40] Failed to load config from \"c:\\\\Users\\\\cosma\\\\KaraImmo\\\\dataconnect\": could not find dataconnect.yaml in `c:\\Users\\cosma\\KaraImmo\\dataconnect`\n"}}
[debug] [2026-05-20T13:42:20.190Z] E0520 09:42:20.189934  308640 watch.go:40] Failed to load config from "c:\\Users\\cosma\\KaraImmo\\dataconnect": could not find dataconnect.yaml in `c:\Users\cosma\KaraImmo\dataconnect`
 {"metadata":{"emulator":{"name":"dataconnect"},"message":"E0520 09:42:20.189934  308640 watch.go:40] Failed to load config from \"c:\\\\Users\\\\cosma\\\\KaraImmo\\\\dataconnect\": could not find dataconnect.yaml in `c:\\Users\\cosma\\KaraImmo\\dataconnect`\n"}}
[debug] [2026-05-20T13:42:30.190Z] E0520 09:42:30.190298  308640 watch.go:40] Failed to load config from "c:\\Users\\cosma\\KaraImmo\\dataconnect": could not find dataconnect.yaml in `c:\Users\cosma\KaraImmo\dataconnect`
 {"metadata":{"emulator":{"name":"dataconnect"},"message":"E0520 09:42:30.190298  308640 watch.go:40] Failed to load config from \"c:\\\\Users\\\\cosma\\\\KaraImmo\\\\dataconnect\": could not find dataconnect.yaml in `c:\\Users\\cosma\\KaraImmo\\dataconnect`\n"}}
[debug] [2026-05-20T13:42:40.191Z] E0520 09:42:40.190809  308640 watch.go:116] watchAllDir unable to walk dir `c:\Users\cosma\KaraImmo\dataconnect`: GetFileAttributesEx c:\Users\cosma\KaraImmo\dataconnect: The system cannot find the file specified.
 {"metadata":{"emulator":{"name":"dataconnect"},"message":"E0520 09:42:40.190809  308640 watch.go:116] watchAllDir unable to walk dir `c:\\Users\\cosma\\KaraImmo\\dataconnect`: GetFileAttributesEx c:\\Users\\cosma\\KaraImmo\\dataconnect: The system cannot find the file specified.\n"}}
[debug] [2026-05-20T13:42:40.192Z] E0520 09:42:40.190809  308640 watch.go:40] Failed to load config from "c:\\Users\\cosma\\KaraImmo\\dataconnect": could not find dataconnect.yaml in `c:\Users\cosma\KaraImmo\dataconnect`
 {"metadata":{"emulator":{"name":"dataconnect"},"message":"E0520 09:42:40.190809  308640 watch.go:40] Failed to load config from \"c:\\\\Users\\\\cosma\\\\KaraImmo\\\\dataconnect\": could not find dataconnect.yaml in `c:\\Users\\cosma\\KaraImmo\\dataconnect`\n"}}
[debug] [2026-05-20T13:42:50.190Z] E0520 09:42:50.190648  308640 watch.go:40] Failed to load config from "c:\\Users\\cosma\\KaraImmo\\dataconnect": could not find dataconnect.yaml in `c:\Users\cosma\KaraImmo\dataconnect`
 {"metadata":{"emulator":{"name":"dataconnect"},"message":"E0520 09:42:50.190648  308640 watch.go:40] Failed to load config from \"c:\\\\Users\\\\cosma\\\\KaraImmo\\\\dataconnect\": could not find dataconnect.yaml in `c:\\Users\\cosma\\KaraImmo\\dataconnect`\n"}}
[debug] [2026-05-20T13:43:00.190Z] E0520 09:43:00.190529  308640 watch.go:40] Failed to load config from "c:\\Users\\cosma\\KaraImmo\\dataconnect": could not find dataconnect.yaml in `c:\Users\cosma\KaraImmo\dataconnect`
 {"metadata":{"emulator":{"name":"dataconnect"},"message":"E0520 09:43:00.190529  308640 watch.go:40] Failed to load config from \"c:\\\\Users\\\\cosma\\\\KaraImmo\\\\dataconnect\": could not find dataconnect.yaml in `c:\\Users\\cosma\\KaraImmo\\dataconnect`\n"}}
[debug] [2026-05-20T13:43:10.193Z] E0520 09:43:10.192938  308640 watch.go:40] Failed to load config from "c:\\Users\\cosma\\KaraImmo\\dataconnect": could not find dataconnect.yaml in `c:\Users\cosma\KaraImmo\dataconnect`
 {"metadata":{"emulator":{"name":"dataconnect"},"message":"E0520 09:43:10.192938  308640 watch.go:40] Failed to load config from \"c:\\\\Users\\\\cosma\\\\KaraImmo\\\\dataconnect\": could not find dataconnect.yaml in `c:\\Users\\cosma\\KaraImmo\\dataconnect`\n"}}
[debug] [2026-05-20T13:43:20.190Z] E0520 09:43:20.190264  308640 watch.go:40] Failed to load config from "c:\\Users\\cosma\\KaraImmo\\dataconnect": could not find dataconnect.yaml in `c:\Users\cosma\KaraImmo\dataconnect`
 {"metadata":{"emulator":{"name":"dataconnect"},"message":"E0520 09:43:20.190264  308640 watch.go:40] Failed to load config from \"c:\\\\Users\\\\cosma\\\\KaraImmo\\\\dataconnect\": could not find dataconnect.yaml in `c:\\Users\\cosma\\KaraImmo\\dataconnect`\n"}}
[debug] [2026-05-20T13:43:30.195Z] E0520 09:43:30.192158  308640 watch.go:40] Failed to load config from "c:\\Users\\cosma\\KaraImmo\\dataconnect": could not find dataconnect.yaml in `c:\Users\cosma\KaraImmo\dataconnect`
 {"metadata":{"emulator":{"name":"dataconnect"},"message":"E0520 09:43:30.192158  308640 watch.go:40] Failed to load config from \"c:\\\\Users\\\\cosma\\\\KaraImmo\\\\dataconnect\": could not find dataconnect.yaml in `c:\\Users\\cosma\\KaraImmo\\dataconnect`\n"}}
[debug] [2026-05-20T13:43:40.190Z] E0520 09:43:40.189971  308640 watch.go:116] watchAllDir unable to walk dir `c:\Users\cosma\KaraImmo\dataconnect`: GetFileAttributesEx c:\Users\cosma\KaraImmo\dataconnect: The system cannot find the file specified.
 {"metadata":{"emulator":{"name":"dataconnect"},"message":"E0520 09:43:40.189971  308640 watch.go:116] watchAllDir unable to walk dir `c:\\Users\\cosma\\KaraImmo\\dataconnect`: GetFileAttributesEx c:\\Users\\cosma\\KaraImmo\\dataconnect: The system cannot find the file specified.\n"}}
[debug] [2026-05-20T13:43:40.191Z] E0520 09:43:40.190477  308640 watch.go:40] Failed to load config from "c:\\Users\\cosma\\KaraImmo\\dataconnect": could not find dataconnect.yaml in `c:\Users\cosma\KaraImmo\dataconnect`
 {"metadata":{"emulator":{"name":"dataconnect"},"message":"E0520 09:43:40.190477  308640 watch.go:40] Failed to load config from \"c:\\\\Users\\\\cosma\\\\KaraImmo\\\\dataconnect\": could not find dataconnect.yaml in `c:\\Users\\cosma\\KaraImmo\\dataconnect`\n"}}
[debug] [2026-05-20T13:43:50.191Z] E0520 09:43:50.191322  308640 watch.go:40] Failed to load config from "c:\\Users\\cosma\\KaraImmo\\dataconnect": could not find dataconnect.yaml in `c:\Users\cosma\KaraImmo\dataconnect`
 {"metadata":{"emulator":{"name":"dataconnect"},"message":"E0520 09:43:50.191322  308640 watch.go:40] Failed to load config from \"c:\\\\Users\\\\cosma\\\\KaraImmo\\\\dataconnect\": could not find dataconnect.yaml in `c:\\Users\\cosma\\KaraImmo\\dataconnect`\n"}}
[debug] [2026-05-20T13:44:00.190Z] E0520 09:44:00.190353  308640 watch.go:40] Failed to load config from "c:\\Users\\cosma\\KaraImmo\\dataconnect": could not find dataconnect.yaml in `c:\Users\cosma\KaraImmo\dataconnect`
 {"metadata":{"emulator":{"name":"dataconnect"},"message":"E0520 09:44:00.190353  308640 watch.go:40] Failed to load config from \"c:\\\\Users\\\\cosma\\\\KaraImmo\\\\dataconnect\": could not find dataconnect.yaml in `c:\\Users\\cosma\\KaraImmo\\dataconnect`\n"}}
[debug] [2026-05-20T13:44:10.192Z] E0520 09:44:10.192450  308640 watch.go:40] Failed to load config from "c:\\Users\\cosma\\KaraImmo\\dataconnect": could not find dataconnect.yaml in `c:\Users\cosma\KaraImmo\dataconnect`
 {"metadata":{"emulator":{"name":"dataconnect"},"message":"E0520 09:44:10.192450  308640 watch.go:40] Failed to load config from \"c:\\\\Users\\\\cosma\\\\KaraImmo\\\\dataconnect\": could not find dataconnect.yaml in `c:\\Users\\cosma\\KaraImmo\\dataconnect`\n"}}
[debug] [2026-05-20T13:44:20.192Z] E0520 09:44:20.191584  308640 watch.go:40] Failed to load config from "c:\\Users\\cosma\\KaraImmo\\dataconnect": could not find dataconnect.yaml in `c:\Users\cosma\KaraImmo\dataconnect`
 {"metadata":{"emulator":{"name":"dataconnect"},"message":"E0520 09:44:20.191584  308640 watch.go:40] Failed to load config from \"c:\\\\Users\\\\cosma\\\\KaraImmo\\\\dataconnect\": could not find dataconnect.yaml in `c:\\Users\\cosma\\KaraImmo\\dataconnect`\n"}}
[debug] [2026-05-20T13:44:30.195Z] E0520 09:44:30.194617  308640 watch.go:40] Failed to load config from "c:\\Users\\cosma\\KaraImmo\\dataconnect": could not find dataconnect.yaml in `c:\Users\cosma\KaraImmo\dataconnect`
 {"metadata":{"emulator":{"name":"dataconnect"},"message":"E0520 09:44:30.194617  308640 watch.go:40] Failed to load config from \"c:\\\\Users\\\\cosma\\\\KaraImmo\\\\dataconnect\": could not find dataconnect.yaml in `c:\\Users\\cosma\\KaraImmo\\dataconnect`\n"}}
[debug] [2026-05-20T13:44:40.191Z] E0520 09:44:40.191313  308640 watch.go:116] watchAllDir unable to walk dir `c:\Users\cosma\KaraImmo\dataconnect`: GetFileAttributesEx c:\Users\cosma\KaraImmo\dataconnect: The system cannot find the file specified.
 {"metadata":{"emulator":{"name":"dataconnect"},"message":"E0520 09:44:40.191313  308640 watch.go:116] watchAllDir unable to walk dir `c:\\Users\\cosma\\KaraImmo\\dataconnect`: GetFileAttributesEx c:\\Users\\cosma\\KaraImmo\\dataconnect: The system cannot find the file specified.\n"}}
[debug] [2026-05-20T13:44:40.192Z] E0520 09:44:40.191313  308640 watch.go:40] Failed to load config from "c:\\Users\\cosma\\KaraImmo\\dataconnect": could not find dataconnect.yaml in `c:\Users\cosma\KaraImmo\dataconnect`
 {"metadata":{"emulator":{"name":"dataconnect"},"message":"E0520 09:44:40.191313  308640 watch.go:40] Failed to load config from \"c:\\\\Users\\\\cosma\\\\KaraImmo\\\\dataconnect\": could not find dataconnect.yaml in `c:\\Users\\cosma\\KaraImmo\\dataconnect`\n"}}
[debug] [2026-05-20T13:44:50.189Z] E0520 09:44:50.190209  308640 watch.go:40] Failed to load config from "c:\\Users\\cosma\\KaraImmo\\dataconnect": could not find dataconnect.yaml in `c:\Users\cosma\KaraImmo\dataconnect`
 {"metadata":{"emulator":{"name":"dataconnect"},"message":"E0520 09:44:50.190209  308640 watch.go:40] Failed to load config from \"c:\\\\Users\\\\cosma\\\\KaraImmo\\\\dataconnect\": could not find dataconnect.yaml in `c:\\Users\\cosma\\KaraImmo\\dataconnect`\n"}}
[debug] [2026-05-20T13:45:00.189Z] E0520 09:45:00.189999  308640 watch.go:40] Failed to load config from "c:\\Users\\cosma\\KaraImmo\\dataconnect": could not find dataconnect.yaml in `c:\Users\cosma\KaraImmo\dataconnect`
 {"metadata":{"emulator":{"name":"dataconnect"},"message":"E0520 09:45:00.189999  308640 watch.go:40] Failed to load config from \"c:\\\\Users\\\\cosma\\\\KaraImmo\\\\dataconnect\": could not find dataconnect.yaml in `c:\\Users\\cosma\\KaraImmo\\dataconnect`\n"}}
[debug] [2026-05-20T13:45:10.189Z] E0520 09:45:10.190389  308640 watch.go:40] Failed to load config from "c:\\Users\\cosma\\KaraImmo\\dataconnect": could not find dataconnect.yaml in `c:\Users\cosma\KaraImmo\dataconnect`
 {"metadata":{"emulator":{"name":"dataconnect"},"message":"E0520 09:45:10.190389  308640 watch.go:40] Failed to load config from \"c:\\\\Users\\\\cosma\\\\KaraImmo\\\\dataconnect\": could not find dataconnect.yaml in `c:\\Users\\cosma\\KaraImmo\\dataconnect`\n"}}
[debug] [2026-05-20T13:45:20.189Z] E0520 09:45:20.190379  308640 watch.go:40] Failed to load config from "c:\\Users\\cosma\\KaraImmo\\dataconnect": could not find dataconnect.yaml in `c:\Users\cosma\KaraImmo\dataconnect`
 {"metadata":{"emulator":{"name":"dataconnect"},"message":"E0520 09:45:20.190379  308640 watch.go:40] Failed to load config from \"c:\\\\Users\\\\cosma\\\\KaraImmo\\\\dataconnect\": could not find dataconnect.yaml in `c:\\Users\\cosma\\KaraImmo\\dataconnect`\n"}}
[debug] [2026-05-20T13:45:30.189Z] E0520 09:45:30.189935  308640 watch.go:40] Failed to load config from "c:\\Users\\cosma\\KaraImmo\\dataconnect": could not find dataconnect.yaml in `c:\Users\cosma\KaraImmo\dataconnect`
 {"metadata":{"emulator":{"name":"dataconnect"},"message":"E0520 09:45:30.189935  308640 watch.go:40] Failed to load config from \"c:\\\\Users\\\\cosma\\\\KaraImmo\\\\dataconnect\": could not find dataconnect.yaml in `c:\\Users\\cosma\\KaraImmo\\dataconnect`\n"}}
[debug] [2026-05-20T13:45:40.190Z] E0520 09:45:40.189710  308640 watch.go:116] watchAllDir unable to walk dir `c:\Users\cosma\KaraImmo\dataconnect`: GetFileAttributesEx c:\Users\cosma\KaraImmo\dataconnect: The system cannot find the file specified.
 {"metadata":{"emulator":{"name":"dataconnect"},"message":"E0520 09:45:40.189710  308640 watch.go:116] watchAllDir unable to walk dir `c:\\Users\\cosma\\KaraImmo\\dataconnect`: GetFileAttributesEx c:\\Users\\cosma\\KaraImmo\\dataconnect: The system cannot find the file specified.\n"}}
[debug] [2026-05-20T13:45:40.191Z] E0520 09:45:40.191236  308640 watch.go:40] Failed to load config from "c:\\Users\\cosma\\KaraImmo\\dataconnect": could not find dataconnect.yaml in `c:\Users\cosma\KaraImmo\dataconnect`
 {"metadata":{"emulator":{"name":"dataconnect"},"message":"E0520 09:45:40.191236  308640 watch.go:40] Failed to load config from \"c:\\\\Users\\\\cosma\\\\KaraImmo\\\\dataconnect\": could not find dataconnect.yaml in `c:\\Users\\cosma\\KaraImmo\\dataconnect`\n"}}
[debug] [2026-05-20T13:45:50.190Z] E0520 09:45:50.190330  308640 watch.go:40] Failed to load config from "c:\\Users\\cosma\\KaraImmo\\dataconnect": could not find dataconnect.yaml in `c:\Users\cosma\KaraImmo\dataconnect`
 {"metadata":{"emulator":{"name":"dataconnect"},"message":"E0520 09:45:50.190330  308640 watch.go:40] Failed to load config from \"c:\\\\Users\\\\cosma\\\\KaraImmo\\\\dataconnect\": could not find dataconnect.yaml in `c:\\Users\\cosma\\KaraImmo\\dataconnect`\n"}}
[debug] [2026-05-20T13:46:00.190Z] E0520 09:46:00.190104  308640 watch.go:40] Failed to load config from "c:\\Users\\cosma\\KaraImmo\\dataconnect": could not find dataconnect.yaml in `c:\Users\cosma\KaraImmo\dataconnect`
 {"metadata":{"emulator":{"name":"dataconnect"},"message":"E0520 09:46:00.190104  308640 watch.go:40] Failed to load config from \"c:\\\\Users\\\\cosma\\\\KaraImmo\\\\dataconnect\": could not find dataconnect.yaml in `c:\\Users\\cosma\\KaraImmo\\dataconnect`\n"}}
[debug] [2026-05-20T13:46:10.189Z] E0520 09:46:10.189673  308640 watch.go:40] Failed to load config from "c:\\Users\\cosma\\KaraImmo\\dataconnect": could not find dataconnect.yaml in `c:\Users\cosma\KaraImmo\dataconnect`
 {"metadata":{"emulator":{"name":"dataconnect"},"message":"E0520 09:46:10.189673  308640 watch.go:40] Failed to load config from \"c:\\\\Users\\\\cosma\\\\KaraImmo\\\\dataconnect\": could not find dataconnect.yaml in `c:\\Users\\cosma\\KaraImmo\\dataconnect`\n"}}
[debug] [2026-05-20T13:46:20.190Z] E0520 09:46:20.189862  308640 watch.go:40] Failed to load config from "c:\\Users\\cosma\\KaraImmo\\dataconnect": could not find dataconnect.yaml in `c:\Users\cosma\KaraImmo\dataconnect`
 {"metadata":{"emulator":{"name":"dataconnect"},"message":"E0520 09:46:20.189862  308640 watch.go:40] Failed to load config from \"c:\\\\Users\\\\cosma\\\\KaraImmo\\\\dataconnect\": could not find dataconnect.yaml in `c:\\Users\\cosma\\KaraImmo\\dataconnect`\n"}}
[debug] [2026-05-20T13:46:30.190Z] E0520 09:46:30.190591  308640 watch.go:40] Failed to load config from "c:\\Users\\cosma\\KaraImmo\\dataconnect": could not find dataconnect.yaml in `c:\Users\cosma\KaraImmo\dataconnect`
 {"metadata":{"emulator":{"name":"dataconnect"},"message":"E0520 09:46:30.190591  308640 watch.go:40] Failed to load config from \"c:\\\\Users\\\\cosma\\\\KaraImmo\\\\dataconnect\": could not find dataconnect.yaml in `c:\\Users\\cosma\\KaraImmo\\dataconnect`\n"}}
[debug] [2026-05-20T13:46:40.189Z] E0520 09:46:40.189763  308640 watch.go:116] watchAllDir unable to walk dir `c:\Users\cosma\KaraImmo\dataconnect`: GetFileAttributesEx c:\Users\cosma\KaraImmo\dataconnect: The system cannot find the file specified.
 {"metadata":{"emulator":{"name":"dataconnect"},"message":"E0520 09:46:40.189763  308640 watch.go:116] watchAllDir unable to walk dir `c:\\Users\\cosma\\KaraImmo\\dataconnect`: GetFileAttributesEx c:\\Users\\cosma\\KaraImmo\\dataconnect: The system cannot find the file specified.\n"}}
[debug] [2026-05-20T13:46:40.191Z] E0520 09:46:40.189763  308640 watch.go:40] Failed to load config from "c:\\Users\\cosma\\KaraImmo\\dataconnect": could not find dataconnect.yaml in `c:\Users\cosma\KaraImmo\dataconnect`
 {"metadata":{"emulator":{"name":"dataconnect"},"message":"E0520 09:46:40.189763  308640 watch.go:40] Failed to load config from \"c:\\\\Users\\\\cosma\\\\KaraImmo\\\\dataconnect\": could not find dataconnect.yaml in `c:\\Users\\cosma\\KaraImmo\\dataconnect`\n"}}
[debug] [2026-05-20T13:46:50.190Z] E0520 09:46:50.190571  308640 watch.go:40] Failed to load config from "c:\\Users\\cosma\\KaraImmo\\dataconnect": could not find dataconnect.yaml in `c:\Users\cosma\KaraImmo\dataconnect`
 {"metadata":{"emulator":{"name":"dataconnect"},"message":"E0520 09:46:50.190571  308640 watch.go:40] Failed to load config from \"c:\\\\Users\\\\cosma\\\\KaraImmo\\\\dataconnect\": could not find dataconnect.yaml in `c:\\Users\\cosma\\KaraImmo\\dataconnect`\n"}}
[debug] [2026-05-20T13:47:00.190Z] E0520 09:47:00.189761  308640 watch.go:40] Failed to load config from "c:\\Users\\cosma\\KaraImmo\\dataconnect": could not find dataconnect.yaml in `c:\Users\cosma\KaraImmo\dataconnect`
 {"metadata":{"emulator":{"name":"dataconnect"},"message":"E0520 09:47:00.189761  308640 watch.go:40] Failed to load config from \"c:\\\\Users\\\\cosma\\\\KaraImmo\\\\dataconnect\": could not find dataconnect.yaml in `c:\\Users\\cosma\\KaraImmo\\dataconnect`\n"}}
[debug] [2026-05-20T13:47:10.190Z] E0520 09:47:10.190154  308640 watch.go:40] Failed to load config from "c:\\Users\\cosma\\KaraImmo\\dataconnect": could not find dataconnect.yaml in `c:\Users\cosma\KaraImmo\dataconnect`
 {"metadata":{"emulator":{"name":"dataconnect"},"message":"E0520 09:47:10.190154  308640 watch.go:40] Failed to load config from \"c:\\\\Users\\\\cosma\\\\KaraImmo\\\\dataconnect\": could not find dataconnect.yaml in `c:\\Users\\cosma\\KaraImmo\\dataconnect`\n"}}
[debug] [2026-05-20T13:47:20.189Z] E0520 09:47:20.189605  308640 watch.go:40] Failed to load config from "c:\\Users\\cosma\\KaraImmo\\dataconnect": could not find dataconnect.yaml in `c:\Users\cosma\KaraImmo\dataconnect`
 {"metadata":{"emulator":{"name":"dataconnect"},"message":"E0520 09:47:20.189605  308640 watch.go:40] Failed to load config from \"c:\\\\Users\\\\cosma\\\\KaraImmo\\\\dataconnect\": could not find dataconnect.yaml in `c:\\Users\\cosma\\KaraImmo\\dataconnect`\n"}}
[debug] [2026-05-20T13:47:30.191Z] E0520 09:47:30.191246  308640 watch.go:40] Failed to load config from "c:\\Users\\cosma\\KaraImmo\\dataconnect": could not find dataconnect.yaml in `c:\Users\cosma\KaraImmo\dataconnect`
 {"metadata":{"emulator":{"name":"dataconnect"},"message":"E0520 09:47:30.191246  308640 watch.go:40] Failed to load config from \"c:\\\\Users\\\\cosma\\\\KaraImmo\\\\dataconnect\": could not find dataconnect.yaml in `c:\\Users\\cosma\\KaraImmo\\dataconnect`\n"}}
[debug] [2026-05-20T13:47:40.189Z] E0520 09:47:40.189771  308640 watch.go:116] watchAllDir unable to walk dir `c:\Users\cosma\KaraImmo\dataconnect`: GetFileAttributesEx c:\Users\cosma\KaraImmo\dataconnect: The system cannot find the file specified.
E0520 09:47:40.189771  308640 watch.go:40] Failed to load config from "c:\\Users\\cosma\\KaraImmo\\dataconnect": could not find dataconnect.yaml in `c:\Users\cosma\KaraImmo\dataconnect`
 {"metadata":{"emulator":{"name":"dataconnect"},"message":"E0520 09:47:40.189771  308640 watch.go:116] watchAllDir unable to walk dir `c:\\Users\\cosma\\KaraImmo\\dataconnect`: GetFileAttributesEx c:\\Users\\cosma\\KaraImmo\\dataconnect: The system cannot find the file specified.\nE0520 09:47:40.189771  308640 watch.go:40] Failed to load config from \"c:\\\\Users\\\\cosma\\\\KaraImmo\\\\dataconnect\": could not find dataconnect.yaml in `c:\\Users\\cosma\\KaraImmo\\dataconnect`\n"}}
[debug] [2026-05-20T13:47:50.190Z] E0520 09:47:50.189817  308640 watch.go:40] Failed to load config from "c:\\Users\\cosma\\KaraImmo\\dataconnect": could not find dataconnect.yaml in `c:\Users\cosma\KaraImmo\dataconnect`
 {"metadata":{"emulator":{"name":"dataconnect"},"message":"E0520 09:47:50.189817  308640 watch.go:40] Failed to load config from \"c:\\\\Users\\\\cosma\\\\KaraImmo\\\\dataconnect\": could not find dataconnect.yaml in `c:\\Users\\cosma\\KaraImmo\\dataconnect`\n"}}
[debug] [2026-05-20T13:48:00.190Z] E0520 09:48:00.189916  308640 watch.go:40] Failed to load config from "c:\\Users\\cosma\\KaraImmo\\dataconnect": could not find dataconnect.yaml in `c:\Users\cosma\KaraImmo\dataconnect`
 {"metadata":{"emulator":{"name":"dataconnect"},"message":"E0520 09:48:00.189916  308640 watch.go:40] Failed to load config from \"c:\\\\Users\\\\cosma\\\\KaraImmo\\\\dataconnect\": could not find dataconnect.yaml in `c:\\Users\\cosma\\KaraImmo\\dataconnect`\n"}}
[debug] [2026-05-20T13:48:10.189Z] E0520 09:48:10.189808  308640 watch.go:40] Failed to load config from "c:\\Users\\cosma\\KaraImmo\\dataconnect": could not find dataconnect.yaml in `c:\Users\cosma\KaraImmo\dataconnect`
 {"metadata":{"emulator":{"name":"dataconnect"},"message":"E0520 09:48:10.189808  308640 watch.go:40] Failed to load config from \"c:\\\\Users\\\\cosma\\\\KaraImmo\\\\dataconnect\": could not find dataconnect.yaml in `c:\\Users\\cosma\\KaraImmo\\dataconnect`\n"}}
[debug] [2026-05-20T13:48:20.190Z] E0520 09:48:20.190304  308640 watch.go:40] Failed to load config from "c:\\Users\\cosma\\KaraImmo\\dataconnect": could not find dataconnect.yaml in `c:\Users\cosma\KaraImmo\dataconnect`
 {"metadata":{"emulator":{"name":"dataconnect"},"message":"E0520 09:48:20.190304  308640 watch.go:40] Failed to load config from \"c:\\\\Users\\\\cosma\\\\KaraImmo\\\\dataconnect\": could not find dataconnect.yaml in `c:\\Users\\cosma\\KaraImmo\\dataconnect`\n"}}
[debug] [2026-05-20T13:48:30.190Z] E0520 09:48:30.190042  308640 watch.go:40] Failed to load config from "c:\\Users\\cosma\\KaraImmo\\dataconnect": could not find dataconnect.yaml in `c:\Users\cosma\KaraImmo\dataconnect`
 {"metadata":{"emulator":{"name":"dataconnect"},"message":"E0520 09:48:30.190042  308640 watch.go:40] Failed to load config from \"c:\\\\Users\\\\cosma\\\\KaraImmo\\\\dataconnect\": could not find dataconnect.yaml in `c:\\Users\\cosma\\KaraImmo\\dataconnect`\n"}}
[debug] [2026-05-20T13:48:40.190Z] E0520 09:48:40.189830  308640 watch.go:116] watchAllDir unable to walk dir `c:\Users\cosma\KaraImmo\dataconnect`: GetFileAttributesEx c:\Users\cosma\KaraImmo\dataconnect: The system cannot find the file specified.
 {"metadata":{"emulator":{"name":"dataconnect"},"message":"E0520 09:48:40.189830  308640 watch.go:116] watchAllDir unable to walk dir `c:\\Users\\cosma\\KaraImmo\\dataconnect`: GetFileAttributesEx c:\\Users\\cosma\\KaraImmo\\dataconnect: The system cannot find the file specified.\n"}}
[debug] [2026-05-20T13:48:40.192Z] E0520 09:48:40.191570  308640 watch.go:40] Failed to load config from "c:\\Users\\cosma\\KaraImmo\\dataconnect": could not find dataconnect.yaml in `c:\Users\cosma\KaraImmo\dataconnect`
 {"metadata":{"emulator":{"name":"dataconnect"},"message":"E0520 09:48:40.191570  308640 watch.go:40] Failed to load config from \"c:\\\\Users\\\\cosma\\\\KaraImmo\\\\dataconnect\": could not find dataconnect.yaml in `c:\\Users\\cosma\\KaraImmo\\dataconnect`\n"}}
[debug] [2026-05-20T13:48:50.190Z] E0520 09:48:50.190268  308640 watch.go:40] Failed to load config from "c:\\Users\\cosma\\KaraImmo\\dataconnect": could not find dataconnect.yaml in `c:\Users\cosma\KaraImmo\dataconnect`
 {"metadata":{"emulator":{"name":"dataconnect"},"message":"E0520 09:48:50.190268  308640 watch.go:40] Failed to load config from \"c:\\\\Users\\\\cosma\\\\KaraImmo\\\\dataconnect\": could not find dataconnect.yaml in `c:\\Users\\cosma\\KaraImmo\\dataconnect`\n"}}
